5.3.2021 05:25:14 || edit rol: Admin : 
-------------------------
5.3.2021 05:25:16 || edit rol: Admin : 
-------------------------
5.3.2021 05:25:38 || param: EditTaskName TaskBoard2 : 
-------------------------
5.3.2021 05:25:38 || param: EditSkill Php : 
-------------------------
5.3.2021 05:25:38 || param: EditSkillLevel Level 1 : 
-------------------------
5.3.2021 05:25:38 || param: EditDuration 8 : 
-------------------------
5.3.2021 05:25:38 || param: EditAssignedTo Sas Beatrice : 
-------------------------
5.3.2021 05:25:38 || param: EditStatus Todo : 
-------------------------
5.3.2021 05:25:38 || param: EditProject Glammys : 
-------------------------
5.3.2021 05:25:38 || param: EditTaskId 2 : 
-------------------------
5.3.2021 05:25:38 || select teammembers results: 1 : 
-------------------------
5.3.2021 05:25:38 || edit task role: Admin : 
-------------------------
5.3.2021 05:25:38 || edit success : 
-------------------------
5.3.2021 05:25:38 || edit id project: 5 : 
-------------------------
5.3.2021 05:25:38 || status id: 1 : 
-------------------------
5.3.2021 05:25:38 || edit skill: Php : 
-------------------------
5.3.2021 05:25:38 || edit sql: SELECT * FROM taskboard.Skills WHERE skill='Php' : 
-------------------------
5.3.2021 05:25:38 || edit Rezultate la select skills: 1 : 
-------------------------
5.3.2021 05:25:39 || edit skill id: 17 : 
-------------------------
5.3.2021 05:25:39 || edit modific: UPDATE Taskboard.Tasks SET task_name='TaskBoard2',skill_required=17,level_required=1,duration=8,task_status=1,assigned_member=1,project=5 WHERE id=2 : 
-------------------------
5.3.2021 05:25:39 || edit task editing : 
-------------------------
5.3.2021 05:25:39 || edit rol: Admin : 
-------------------------
5.3.2021 05:33:02 || edit rol: Admin : 
-------------------------
5.3.2021 05:37:38 || param: EditTaskName Board : 
-------------------------
5.3.2021 05:37:38 || param: EditSkill Php : 
-------------------------
5.3.2021 05:37:38 || param: EditSkillLevel Level 1 : 
-------------------------
5.3.2021 05:37:38 || param: EditDuration 10 : 
-------------------------
5.3.2021 05:37:38 || param: EditAssignedTo Sas Beatrice : 
-------------------------
5.3.2021 05:37:38 || param: EditStatus Todo : 
-------------------------
5.3.2021 05:37:38 || param: EditProject Glammys : 
-------------------------
5.3.2021 05:37:38 || param: EditTaskId 1 : 
-------------------------
5.3.2021 05:37:38 || select teammembers results: 1 : 
-------------------------
5.3.2021 05:37:38 || edit task role: Admin : 
-------------------------
5.3.2021 05:37:38 || edit success : 
-------------------------
5.3.2021 05:37:38 || edit id project: 5 : 
-------------------------
5.3.2021 05:37:38 || status id: 1 : 
-------------------------
5.3.2021 05:37:38 || edit skill: Php : 
-------------------------
5.3.2021 05:37:38 || edit sql: SELECT * FROM taskboard.Skills WHERE skill='Php' : 
-------------------------
5.3.2021 05:37:38 || edit Rezultate la select skills: 1 : 
-------------------------
5.3.2021 05:37:38 || edit skill id: 17 : 
-------------------------
5.3.2021 05:37:38 || edit modific: UPDATE Taskboard.Tasks SET task_name='Board',skill_required=17,level_required=1,duration=10,task_status=1,assigned_member=1,project=5 WHERE id=1 : 
-------------------------
5.3.2021 05:37:38 || edit task editing : 
-------------------------
5.3.2021 05:37:38 || edit rol: Admin : 
-------------------------
5.3.2021 05:37:47 || edit rol: Admin : 
-------------------------
5.3.2021 05:38:18 || param: EditTaskName Board : 
-------------------------
5.3.2021 05:38:18 || param: EditSkill Php : 
-------------------------
5.3.2021 05:38:18 || param: EditSkillLevel Level 1 : 
-------------------------
5.3.2021 05:38:18 || param: EditDuration 10 : 
-------------------------
5.3.2021 05:38:18 || param: EditAssignedTo Sas Beatrice : 
-------------------------
5.3.2021 05:38:18 || param: EditStatus Todo : 
-------------------------
5.3.2021 05:38:18 || param: EditProject Glammys : 
-------------------------
5.3.2021 05:38:18 || param: EditTaskId 1 : 
-------------------------
5.3.2021 05:38:18 || select teammembers results: 1 : 
-------------------------
5.3.2021 05:38:18 || edit task role: Admin : 
-------------------------
5.3.2021 05:38:18 || edit success : 
-------------------------
5.3.2021 05:38:18 || edit id project: 5 : 
-------------------------
5.3.2021 05:38:18 || status id: 1 : 
-------------------------
5.3.2021 05:38:18 || edit skill: Php : 
-------------------------
5.3.2021 05:38:18 || edit sql: SELECT * FROM taskboard.Skills WHERE skill='Php' : 
-------------------------
5.3.2021 05:38:18 || edit Rezultate la select skills: 1 : 
-------------------------
5.3.2021 05:38:18 || edit skill id: 17 : 
-------------------------
5.3.2021 05:38:18 || edit modific: UPDATE Taskboard.Tasks SET task_name='Board',skill_required=17,level_required=1,duration=10,task_status=1,assigned_member=1,project=5 WHERE id=1 : 
-------------------------
5.3.2021 05:38:18 || edit task editing : 
-------------------------
5.3.2021 05:38:18 || edit rol: Admin : 
-------------------------
5.3.2021 05:38:50 || edit rol: Admin : 
-------------------------
5.3.2021 05:40:22 || param: EditTaskName Board : 
-------------------------
5.3.2021 05:40:22 || param: EditSkill Php : 
-------------------------
5.3.2021 05:40:22 || param: EditSkillLevel Level 1 : 
-------------------------
5.3.2021 05:40:22 || param: EditDuration 10 : 
-------------------------
5.3.2021 05:40:22 || param: EditAssignedTo Sas Beatrice : 
-------------------------
5.3.2021 05:40:22 || param: EditStatus Todo : 
-------------------------
5.3.2021 05:40:22 || param: EditProject Glammys : 
-------------------------
5.3.2021 05:40:22 || param: EditTaskId 1 : 
-------------------------
5.3.2021 05:40:22 || select teammembers results: 1 : 
-------------------------
5.3.2021 05:40:22 || edit task role: Admin : 
-------------------------
5.3.2021 05:40:22 || edit success : 
-------------------------
5.3.2021 05:40:22 || edit id project: 5 : 
-------------------------
5.3.2021 05:40:22 || status id: 1 : 
-------------------------
5.3.2021 05:40:22 || edit skill: Php : 
-------------------------
5.3.2021 05:40:22 || edit sql: SELECT * FROM taskboard.Skills WHERE skill='Php' : 
-------------------------
5.3.2021 05:40:22 || edit Rezultate la select skills: 1 : 
-------------------------
5.3.2021 05:40:22 || edit skill id: 17 : 
-------------------------
5.3.2021 05:40:22 || edit modific: UPDATE Taskboard.Tasks SET task_name='Board',skill_required=17,level_required=1,duration=10,task_status=1,assigned_member=1,project=5 WHERE id=1 : 
-------------------------
5.3.2021 05:40:22 || edit task editing : 
-------------------------
5.3.2021 05:40:22 || edit rol: Admin : 
-------------------------
5.3.2021 05:40:45 || edit rol: Admin : 
-------------------------
5.3.2021 05:43:51 || Addtask - : 
-------------------------
5.3.2021 05:43:51 || param: TaskName kk : 
-------------------------
5.3.2021 05:43:51 || param: Skill Php : 
-------------------------
5.3.2021 05:43:51 || param: SkillLevel Level 1 : 
-------------------------
5.3.2021 05:43:51 || param: Duration 2 : 
-------------------------
5.3.2021 05:43:51 || param: AssignedTo Sas Beatrice : 
-------------------------
5.3.2021 05:43:51 || param: Status Todo : 
-------------------------
5.3.2021 05:43:51 || param: Project Glammys : 
-------------------------
5.3.2021 05:43:51 || select teammembers results: 1 : 
-------------------------
5.3.2021 05:43:51 || edit task role: Admin : 
-------------------------
5.3.2021 05:43:51 || edit success : 
-------------------------
5.3.2021 05:43:51 || status id: 0 : 
-------------------------
5.3.2021 05:43:51 || edit skill:  : 
-------------------------
5.3.2021 05:43:51 || edit sql: SELECT * FROM taskboard.Skills WHERE skill='' : 
-------------------------
5.3.2021 05:43:51 || edit Rezultate la select skills: 0 : 
-------------------------
5.3.2021 05:43:51 || edit skill id: 0 : 
-------------------------
5.3.2021 05:43:51 || edit rol: Admin : 
-------------------------
5.3.2021 05:44:00 || param: EditTaskName Board : 
-------------------------
5.3.2021 05:44:00 || param: EditSkill Php : 
-------------------------
5.3.2021 05:44:00 || param: EditSkillLevel Level 1 : 
-------------------------
5.3.2021 05:44:00 || param: EditDuration 11 : 
-------------------------
5.3.2021 05:44:00 || param: EditAssignedTo Sas Beatrice : 
-------------------------
5.3.2021 05:44:00 || param: EditStatus Todo : 
-------------------------
5.3.2021 05:44:01 || param: EditProject Glammys : 
-------------------------
5.3.2021 05:44:01 || param: EditTaskId 1 : 
-------------------------
5.3.2021 05:44:01 || select teammembers results: 1 : 
-------------------------
5.3.2021 05:44:01 || edit task role: Admin : 
-------------------------
5.3.2021 05:44:01 || edit success : 
-------------------------
5.3.2021 05:44:01 || edit id project: 5 : 
-------------------------
5.3.2021 05:44:01 || status id: 1 : 
-------------------------
5.3.2021 05:44:01 || edit skill: Php : 
-------------------------
5.3.2021 05:44:01 || edit sql: SELECT * FROM taskboard.Skills WHERE skill='Php' : 
-------------------------
5.3.2021 05:44:01 || edit Rezultate la select skills: 1 : 
-------------------------
5.3.2021 05:44:01 || edit skill id: 17 : 
-------------------------
5.3.2021 05:44:01 || edit modific: UPDATE Taskboard.Tasks SET task_name='Board',skill_required=17,level_required=1,duration=11,task_status=1,assigned_member=1,project=5 WHERE id=1 : 
-------------------------
5.3.2021 05:44:01 || edit task editing : 
-------------------------
5.3.2021 05:44:01 || edit rol: Admin : 
-------------------------
5.3.2021 05:44:01 || edit rol: Admin : 
-------------------------
5.3.2021 05:49:13 || edit rol: Admin : 
-------------------------
5.3.2021 05:49:19 || param: EditTaskName Board : 
-------------------------
5.3.2021 05:49:19 || param: EditSkill Php : 
-------------------------
5.3.2021 05:49:19 || param: EditSkillLevel Level 1 : 
-------------------------
5.3.2021 05:49:19 || param: EditDuration 11 : 
-------------------------
5.3.2021 05:49:19 || param: EditAssignedTo Sas Beatrice : 
-------------------------
5.3.2021 05:49:19 || param: EditStatus Todo : 
-------------------------
5.3.2021 05:49:19 || param: EditProject Glammys : 
-------------------------
5.3.2021 05:49:19 || param: EditTaskId 1 : 
-------------------------
5.3.2021 05:49:19 || select teammembers results: 1 : 
-------------------------
5.3.2021 05:49:19 || edit task role: Admin : 
-------------------------
5.3.2021 05:49:19 || edit success : 
-------------------------
5.3.2021 05:49:19 || edit id project: 5 : 
-------------------------
5.3.2021 05:49:19 || status id: 1 : 
-------------------------
5.3.2021 05:49:19 || edit skill: Php : 
-------------------------
5.3.2021 05:49:19 || edit sql: SELECT * FROM taskboard.Skills WHERE skill='Php' : 
-------------------------
5.3.2021 05:49:19 || edit Rezultate la select skills: 1 : 
-------------------------
5.3.2021 05:49:19 || edit skill id: 17 : 
-------------------------
5.3.2021 05:49:19 || edit modific: UPDATE Taskboard.Tasks SET task_name='Board',skill_required=17,level_required=1,duration=11,task_status=1,assigned_member=1,project=5 WHERE id=1 : 
-------------------------
5.3.2021 05:49:19 || edit task editing : 
-------------------------
5.3.2021 05:49:19 || edit rol: Admin : 
-------------------------
5.3.2021 05:49:19 || edit rol: Admin : 
-------------------------
5.3.2021 05:49:55 || edit rol: Admin : 
-------------------------
5.3.2021 05:52:10 || edit rol: Admin : 
-------------------------
5.3.2021 05:53:02 || param: EditTaskName cccf : 
-------------------------
5.3.2021 05:53:02 || param: EditSkill Python : 
-------------------------
5.3.2021 05:53:02 || param: EditSkillLevel Level 9 : 
-------------------------
5.3.2021 05:53:02 || param: EditDuration 5 : 
-------------------------
5.3.2021 05:53:02 || param: EditAssignedTo Sas Beatrice : 
-------------------------
5.3.2021 05:53:02 || param: EditStatus Todo : 
-------------------------
5.3.2021 05:53:02 || param: EditProject Glammys : 
-------------------------
5.3.2021 05:53:02 || param: EditTaskId 3 : 
-------------------------
5.3.2021 05:53:02 || select teammembers results: 1 : 
-------------------------
5.3.2021 05:53:02 || edit task role: Admin : 
-------------------------
5.3.2021 05:53:02 || edit success : 
-------------------------
5.3.2021 05:53:02 || edit id project: 5 : 
-------------------------
5.3.2021 05:53:02 || status id: 1 : 
-------------------------
5.3.2021 05:53:02 || edit skill: Python : 
-------------------------
5.3.2021 05:53:02 || edit sql: SELECT * FROM taskboard.Skills WHERE skill='Python' : 
-------------------------
5.3.2021 05:53:02 || edit Rezultate la select skills: 1 : 
-------------------------
5.3.2021 05:53:02 || edit skill id: 3 : 
-------------------------
5.3.2021 05:53:03 || edit modific: UPDATE Taskboard.Tasks SET task_name='cccf',skill_required=3,level_required=9,duration=5,task_status=1,assigned_member=1,project=5 WHERE id=3 : 
-------------------------
5.3.2021 05:53:03 || edit task editing : 
-------------------------
5.3.2021 05:53:03 || edit rol: Admin : 
-------------------------
5.3.2021 05:53:03 || edit rol: Admin : 
-------------------------
5.3.2021 05:53:29 || param: EditTaskName TaskBoard2 : 
-------------------------
5.3.2021 05:53:29 || param: EditSkill Php : 
-------------------------
5.3.2021 05:53:29 || param: EditSkillLevel Level 1 : 
-------------------------
5.3.2021 05:53:29 || param: EditDuration 8 : 
-------------------------
5.3.2021 05:53:29 || param: EditAssignedTo Sas Beatrice : 
-------------------------
5.3.2021 05:53:29 || param: EditStatus Todo : 
-------------------------
5.3.2021 05:53:29 || param: EditProject Glammys : 
-------------------------
5.3.2021 05:53:29 || param: EditTaskId 2 : 
-------------------------
5.3.2021 05:53:29 || select teammembers results: 1 : 
-------------------------
5.3.2021 05:53:29 || edit task role: Admin : 
-------------------------
5.3.2021 05:53:29 || edit success : 
-------------------------
5.3.2021 05:53:29 || edit id project: 5 : 
-------------------------
5.3.2021 05:53:29 || status id: 1 : 
-------------------------
5.3.2021 05:53:29 || edit skill: Php : 
-------------------------
5.3.2021 05:53:29 || edit sql: SELECT * FROM taskboard.Skills WHERE skill='Php' : 
-------------------------
5.3.2021 05:53:29 || edit Rezultate la select skills: 1 : 
-------------------------
5.3.2021 05:53:29 || edit skill id: 17 : 
-------------------------
5.3.2021 05:53:29 || edit modific: UPDATE Taskboard.Tasks SET task_name='TaskBoard2',skill_required=17,level_required=1,duration=8,task_status=1,assigned_member=1,project=5 WHERE id=2 : 
-------------------------
5.3.2021 05:53:29 || edit task editing : 
-------------------------
5.3.2021 05:53:29 || edit rol: Admin : 
-------------------------
5.3.2021 05:53:29 || edit rol: Admin : 
-------------------------
5.3.2021 05:54:17 || Addtask - : 
-------------------------
5.3.2021 05:54:17 || param: TaskName l : 
-------------------------
5.3.2021 05:54:17 || param: Skill Python : 
-------------------------
5.3.2021 05:54:17 || param: SkillLevel Level 8 : 
-------------------------
5.3.2021 05:54:17 || param: Duration 1 : 
-------------------------
5.3.2021 05:54:17 || param: AssignedTo Sas Beatrice : 
-------------------------
5.3.2021 05:54:17 || param: Status Todo : 
-------------------------
5.3.2021 05:54:17 || param: Project Glammys : 
-------------------------
5.3.2021 05:54:18 || select teammembers results: 1 : 
-------------------------
5.3.2021 05:54:18 || edit task role: Admin : 
-------------------------
5.3.2021 05:54:18 || edit success : 
-------------------------
5.3.2021 05:54:18 || status id: 0 : 
-------------------------
5.3.2021 05:54:18 || edit skill:  : 
-------------------------
5.3.2021 05:54:18 || edit sql: SELECT * FROM taskboard.Skills WHERE skill='' : 
-------------------------
5.3.2021 05:54:18 || edit Rezultate la select skills: 0 : 
-------------------------
5.3.2021 05:54:18 || edit skill id: 0 : 
-------------------------
5.3.2021 05:54:18 || edit rol: Admin : 
-------------------------
5.3.2021 05:55:23 || Addtask - : 
-------------------------
5.3.2021 05:55:23 || param: TaskName o : 
-------------------------
5.3.2021 05:55:23 || param: Skill Python : 
-------------------------
5.3.2021 05:55:23 || param: SkillLevel Level 9 : 
-------------------------
5.3.2021 05:55:23 || param: Duration 1 : 
-------------------------
5.3.2021 05:55:23 || param: AssignedTo Sas Beatrice : 
-------------------------
5.3.2021 05:55:23 || param: Status Todo : 
-------------------------
5.3.2021 05:55:23 || param: Project Glammys : 
-------------------------
5.3.2021 05:55:23 || select teammembers results: 1 : 
-------------------------
5.3.2021 05:55:23 || edit task role: Admin : 
-------------------------
5.3.2021 05:55:24 || edit success : 
-------------------------
5.3.2021 05:55:24 || status id: 0 : 
-------------------------
5.3.2021 05:55:24 || edit skill:  : 
-------------------------
5.3.2021 05:55:24 || edit sql: SELECT * FROM taskboard.Skills WHERE skill='' : 
-------------------------
5.3.2021 05:55:24 || edit Rezultate la select skills: 0 : 
-------------------------
5.3.2021 05:55:24 || edit skill id: 0 : 
-------------------------
5.3.2021 05:55:24 || edit rol: Admin : 
-------------------------
5.3.2021 05:57:49 || edit rol: Admin : 
-------------------------
5.3.2021 05:58:04 || Addtask - : 
-------------------------
5.3.2021 05:58:04 || param: TaskName j : 
-------------------------
5.3.2021 05:58:04 || param: Skill Python : 
-------------------------
5.3.2021 05:58:04 || param: SkillLevel Level 8 : 
-------------------------
5.3.2021 05:58:04 || param: Duration 1 : 
-------------------------
5.3.2021 05:58:04 || param: AssignedTo Sas Beatrice : 
-------------------------
5.3.2021 05:58:04 || param: Status Todo : 
-------------------------
5.3.2021 05:58:04 || param: Project Glammys : 
-------------------------
5.3.2021 05:58:05 || select teammembers results: 1 : 
-------------------------
5.3.2021 05:58:05 || edit task role: Admin : 
-------------------------
5.3.2021 05:58:05 || edit success : 
-------------------------
5.3.2021 05:58:05 || status id: 0 : 
-------------------------
5.3.2021 05:58:05 || edit skill:  : 
-------------------------
5.3.2021 05:58:05 || edit sql: SELECT * FROM taskboard.Skills WHERE skill='' : 
-------------------------
5.3.2021 05:58:05 || edit Rezultate la select skills: 0 : 
-------------------------
5.3.2021 05:58:05 || edit skill id: 0 : 
-------------------------
5.3.2021 05:58:05 || edit rol: Admin : 
-------------------------
5.3.2021 05:59:01 || edit rol: Admin : 
-------------------------
5.3.2021 06:00:55 || Addtask - : 
-------------------------
5.3.2021 06:00:55 || param: TaskName h : 
-------------------------
5.3.2021 06:00:55 || param: Skill Python : 
-------------------------
5.3.2021 06:00:55 || param: SkillLevel Level 9 : 
-------------------------
5.3.2021 06:00:55 || param: Duration 1 : 
-------------------------
5.3.2021 06:00:55 || param: AssignedTo Sas Beatrice : 
-------------------------
5.3.2021 06:00:55 || param: Status Todo : 
-------------------------
5.3.2021 06:00:55 || param: Project Glammys : 
-------------------------
5.3.2021 06:00:55 || select teammembers results: 1 : 
-------------------------
5.3.2021 06:00:55 || edit task role: Admin : 
-------------------------
5.3.2021 06:00:55 || edit success : 
-------------------------
5.3.2021 06:00:55 || status id: 0 : 
-------------------------
5.3.2021 06:00:55 || edit skill:  : 
-------------------------
5.3.2021 06:00:55 || edit sql: SELECT * FROM taskboard.Skills WHERE skill='' : 
-------------------------
5.3.2021 06:00:55 || edit Rezultate la select skills: 0 : 
-------------------------
5.3.2021 06:00:55 || edit skill id: 0 : 
-------------------------
5.3.2021 06:00:56 || edit rol: Admin : 
-------------------------
5.3.2021 06:01:42 || Addtask - : 
-------------------------
5.3.2021 06:01:42 || param: TaskName u : 
-------------------------
5.3.2021 06:01:42 || param: Skill Python : 
-------------------------
5.3.2021 06:01:42 || param: SkillLevel Level 9 : 
-------------------------
5.3.2021 06:01:42 || param: Duration 1 : 
-------------------------
5.3.2021 06:01:42 || param: AssignedTo Sas Beatrice : 
-------------------------
5.3.2021 06:01:42 || param: Status Todo : 
-------------------------
5.3.2021 06:01:42 || param: Project Glammys : 
-------------------------
5.3.2021 06:01:43 || select teammembers results: 1 : 
-------------------------
5.3.2021 06:01:43 || edit task role: Admin : 
-------------------------
5.3.2021 06:01:43 || edit success : 
-------------------------
5.3.2021 06:01:43 || status id: 0 : 
-------------------------
5.3.2021 06:01:43 || edit skill:  : 
-------------------------
5.3.2021 06:01:43 || edit sql: SELECT * FROM taskboard.Skills WHERE skill='' : 
-------------------------
5.3.2021 06:01:43 || edit Rezultate la select skills: 0 : 
-------------------------
5.3.2021 06:01:43 || edit skill id: 0 : 
-------------------------
5.3.2021 06:01:43 || edit rol: Admin : 
-------------------------
5.3.2021 06:04:09 || Addtask - : 
-------------------------
5.3.2021 06:04:09 || param: TaskName u : 
-------------------------
5.3.2021 06:04:09 || param: Skill Python : 
-------------------------
5.3.2021 06:04:09 || param: SkillLevel Level 8 : 
-------------------------
5.3.2021 06:04:09 || param: Duration 1 : 
-------------------------
5.3.2021 06:04:09 || param: AssignedTo Sas Beatrice : 
-------------------------
5.3.2021 06:04:09 || param: Status Todo : 
-------------------------
5.3.2021 06:04:09 || param: Project Glammys : 
-------------------------
5.3.2021 06:04:09 || select teammembers results: 1 : 
-------------------------
5.3.2021 06:04:09 || edit task role: Admin : 
-------------------------
5.3.2021 06:04:09 || edit success : 
-------------------------
5.3.2021 06:04:09 || status id: 0 : 
-------------------------
5.3.2021 06:04:09 || edit skill:  : 
-------------------------
5.3.2021 06:04:09 || edit sql: SELECT * FROM taskboard.Skills WHERE skill='' : 
-------------------------
5.3.2021 06:04:09 || edit Rezultate la select skills: 0 : 
-------------------------
5.3.2021 06:04:09 || edit skill id: 0 : 
-------------------------
5.3.2021 06:04:11 || edit rol: Admin : 
-------------------------
5.3.2021 06:09:25 || edit rol: Admin : 
-------------------------
5.3.2021 06:10:05 || Addtask - : 
-------------------------
5.3.2021 06:10:05 || param: TaskName u : 
-------------------------
5.3.2021 06:10:05 || param: Skill Python : 
-------------------------
5.3.2021 06:10:05 || param: SkillLevel Level 9 : 
-------------------------
5.3.2021 06:10:05 || param: Duration 1 : 
-------------------------
5.3.2021 06:10:05 || param: AssignedTo Sas Beatrice : 
-------------------------
5.3.2021 06:10:05 || param: Status Todo : 
-------------------------
5.3.2021 06:10:05 || param: Project Glammys : 
-------------------------
5.3.2021 06:10:05 || select teammembers results: 1 : 
-------------------------
5.3.2021 06:10:05 || edit task role: Admin : 
-------------------------
5.3.2021 06:10:05 || edit success : 
-------------------------
5.3.2021 06:10:05 || status id: 0 : 
-------------------------
5.3.2021 06:10:05 || edit skill:  : 
-------------------------
5.3.2021 06:10:05 || edit sql: SELECT * FROM taskboard.Skills WHERE skill='' : 
-------------------------
5.3.2021 06:10:05 || edit Rezultate la select skills: 0 : 
-------------------------
5.3.2021 06:10:05 || edit skill id: 0 : 
-------------------------
5.3.2021 06:10:06 || edit modific: UPDATE Taskboard.Tasks SET task_name='',skill_required=0,level_required=0,duration=,task_status=0,assigned_member=1,project=0 WHERE id= : 
-------------------------
5.3.2021 06:10:06 || edit Error access in table TeamMembersYou have an error in your SQL syntax; check the manual that corresponds to your MySQL server version for the right syntax to use near 'task_status=0,assigned_member=1,project=0 WHERE id=' at line 1 : 
-------------------------
5.3.2021 06:10:06 || edit rol: Admin : 
-------------------------
5.3.2021 06:14:43 || edit rol: Admin : 
-------------------------
5.3.2021 06:20:45 || edit rol: Admin : 
-------------------------
5.3.2021 06:28:02 || edit rol: Admin : 
-------------------------
5.3.2021 06:28:35 || edit rol: Admin : 
-------------------------
5.3.2021 06:37:33 || edit rol: Admin : 
-------------------------
5.3.2021 06:42:22 || edit rol: Admin : 
-------------------------
5.3.2021 06:45:00 || edit rol: Admin : 
-------------------------
5.3.2021 06:45:16 || Addtask - : 
-------------------------
5.3.2021 06:45:16 || param: TaskName u : 
-------------------------
5.3.2021 06:45:16 || param: Skill Python : 
-------------------------
5.3.2021 06:45:16 || param: SkillLevel Level 10 : 
-------------------------
5.3.2021 06:45:16 || param: Duration 1 : 
-------------------------
5.3.2021 06:45:16 || param: AssignedTo Sas Beatrice : 
-------------------------
5.3.2021 06:45:16 || param: Status Todo : 
-------------------------
5.3.2021 06:45:16 || param: Project Glammys : 
-------------------------
5.3.2021 06:45:16 || select teammembers results: 1 : 
-------------------------
5.3.2021 06:45:16 || edit task role: Admin : 
-------------------------
5.3.2021 06:45:16 || edit success : 
-------------------------
5.3.2021 06:45:16 || status id: 0 : 
-------------------------
5.3.2021 06:45:16 || edit skill:  : 
-------------------------
5.3.2021 06:45:16 || edit sql: SELECT * FROM taskboard.Skills WHERE skill='' : 
-------------------------
5.3.2021 06:45:16 || edit Rezultate la select skills: 0 : 
-------------------------
5.3.2021 06:45:16 || edit skill id: 0 : 
-------------------------
5.3.2021 06:45:16 || edit rol: Admin : 
-------------------------
5.3.2021 06:46:10 || param: EditTaskName us : 
-------------------------
5.3.2021 06:46:10 || param: EditSkill Python : 
-------------------------
5.3.2021 06:46:10 || param: EditSkillLevel Level 8 : 
-------------------------
5.3.2021 06:46:10 || param: EditDuration 1 : 
-------------------------
5.3.2021 06:46:10 || param: EditAssignedTo Sas Beatrice : 
-------------------------
5.3.2021 06:46:10 || param: EditStatus Todo : 
-------------------------
5.3.2021 06:46:10 || param: EditProject Glammys : 
-------------------------
5.3.2021 06:46:10 || param: EditTaskId 31 : 
-------------------------
5.3.2021 06:46:10 || select teammembers results: 1 : 
-------------------------
5.3.2021 06:46:10 || edit task role: Admin : 
-------------------------
5.3.2021 06:46:10 || edit success : 
-------------------------
5.3.2021 06:46:10 || edit id project: 5 : 
-------------------------
5.3.2021 06:46:10 || status id: 1 : 
-------------------------
5.3.2021 06:46:10 || edit skill: Python : 
-------------------------
5.3.2021 06:46:10 || edit sql: SELECT * FROM taskboard.Skills WHERE skill='Python' : 
-------------------------
5.3.2021 06:46:11 || edit Rezultate la select skills: 1 : 
-------------------------
5.3.2021 06:46:11 || edit skill id: 3 : 
-------------------------
5.3.2021 06:46:11 || edit modific: UPDATE Taskboard.Tasks SET task_name='us',skill_required=3,level_required=8,duration=1,task_status=1,assigned_member=1,project=5 WHERE id=31 : 
-------------------------
5.3.2021 06:46:11 || edit task editing : 
-------------------------
5.3.2021 06:46:11 || edit rol: Admin : 
-------------------------
5.3.2021 06:46:11 || edit rol: Admin : 
-------------------------
5.3.2021 06:46:40 || Addtask - : 
-------------------------
5.3.2021 06:46:41 || param: TaskName uu : 
-------------------------
5.3.2021 06:46:41 || param: Skill Python : 
-------------------------
5.3.2021 06:46:41 || param: SkillLevel Level 9 : 
-------------------------
5.3.2021 06:46:41 || param: Duration 1 : 
-------------------------
5.3.2021 06:46:41 || param: AssignedTo Sas Beatrice : 
-------------------------
5.3.2021 06:46:41 || param: Status Todo : 
-------------------------
5.3.2021 06:46:41 || param: Project Glammys : 
-------------------------
5.3.2021 06:46:41 || select teammembers results: 1 : 
-------------------------
5.3.2021 06:46:41 || edit task role: Admin : 
-------------------------
5.3.2021 06:46:41 || edit success : 
-------------------------
5.3.2021 06:46:41 || status id: 0 : 
-------------------------
5.3.2021 06:46:41 || edit skill:  : 
-------------------------
5.3.2021 06:46:41 || edit sql: SELECT * FROM taskboard.Skills WHERE skill='' : 
-------------------------
5.3.2021 06:46:41 || edit Rezultate la select skills: 0 : 
-------------------------
5.3.2021 06:46:41 || edit skill id: 0 : 
-------------------------
5.3.2021 06:46:41 || edit rol: Admin : 
-------------------------
5.3.2021 06:47:00 || param: EditTaskName uu : 
-------------------------
5.3.2021 06:47:00 || param: EditSkill Python : 
-------------------------
5.3.2021 06:47:00 || param: EditSkillLevel Level 10 : 
-------------------------
5.3.2021 06:47:00 || param: EditDuration 1 : 
-------------------------
5.3.2021 06:47:00 || param: EditAssignedTo Sas Beatrice : 
-------------------------
5.3.2021 06:47:00 || param: EditStatus Todo : 
-------------------------
5.3.2021 06:47:00 || param: EditProject Glammys : 
-------------------------
5.3.2021 06:47:00 || param: EditTaskId 34 : 
-------------------------
5.3.2021 06:47:00 || select teammembers results: 1 : 
-------------------------
5.3.2021 06:47:00 || edit task role: Admin : 
-------------------------
5.3.2021 06:47:00 || edit success : 
-------------------------
5.3.2021 06:47:00 || edit id project: 5 : 
-------------------------
5.3.2021 06:47:00 || status id: 1 : 
-------------------------
5.3.2021 06:47:00 || edit skill: Python : 
-------------------------
5.3.2021 06:47:00 || edit sql: SELECT * FROM taskboard.Skills WHERE skill='Python' : 
-------------------------
5.3.2021 06:47:00 || edit Rezultate la select skills: 1 : 
-------------------------
5.3.2021 06:47:00 || edit skill id: 3 : 
-------------------------
5.3.2021 06:47:00 || edit modific: UPDATE Taskboard.Tasks SET task_name='uu',skill_required=3,level_required=10,duration=1,task_status=1,assigned_member=1,project=5 WHERE id=34 : 
-------------------------
5.3.2021 06:47:00 || edit task editing : 
-------------------------
5.3.2021 06:47:00 || edit rol: Admin : 
-------------------------
5.3.2021 06:47:00 || edit rol: Admin : 
-------------------------
5.3.2021 06:55:48 || edit rol: Admin : 
-------------------------
5.3.2021 06:56:01 || Addtask - : 
-------------------------
5.3.2021 06:56:01 || param: TaskName iu : 
-------------------------
5.3.2021 06:56:01 || param: Skill Php : 
-------------------------
5.3.2021 06:56:01 || param: SkillLevel Level 1 : 
-------------------------
5.3.2021 06:56:01 || param: Duration 1 : 
-------------------------
5.3.2021 06:56:01 || param: AssignedTo Sas Beatrice : 
-------------------------
5.3.2021 06:56:01 || param: Status Todo : 
-------------------------
5.3.2021 06:56:01 || param: Project Glammys : 
-------------------------
5.3.2021 06:56:01 || select teammembers results: 1 : 
-------------------------
5.3.2021 06:56:01 || edit task role: Admin : 
-------------------------
5.3.2021 06:56:01 || edit success : 
-------------------------
5.3.2021 06:56:01 || status id: 0 : 
-------------------------
5.3.2021 06:56:01 || edit skill:  : 
-------------------------
5.3.2021 06:56:01 || edit sql: SELECT * FROM taskboard.Skills WHERE skill='' : 
-------------------------
5.3.2021 06:56:01 || edit Rezultate la select skills: 0 : 
-------------------------
5.3.2021 06:56:01 || edit skill id: 0 : 
-------------------------
5.3.2021 06:56:01 || edit rol: Admin : 
-------------------------
5.3.2021 06:57:55 || edit rol: Admin : 
-------------------------
5.3.2021 07:01:28 || edit rol: Admin : 
-------------------------
5.3.2021 07:02:54 || edit rol: Admin : 
-------------------------
5.3.2021 07:05:51 || edit rol: Admin : 
-------------------------
5.3.2021 07:09:03 || edit rol: Admin : 
-------------------------
5.3.2021 07:10:53 || edit rol: Admin : 
-------------------------
5.3.2021 07:16:47 || edit rol: Admin : 
-------------------------
