23.2.2021 10:15:56 || rol: Admin : 
-------------------------
23.2.2021 10:16:05 || Add task : 
-------------------------
23.2.2021 10:16:05 || nume proj1nume: Glammys : 
-------------------------
23.2.2021 10:16:05 || param: TaskName Board1 : 
-------------------------
23.2.2021 10:16:05 || param: Skill Php : 
-------------------------
23.2.2021 10:16:05 || param: SkillLevel Level 1 : 
-------------------------
23.2.2021 10:16:05 || param: Duration 2 : 
-------------------------
23.2.2021 10:16:05 || param: AssignedTo Sas Beatrice : 
-------------------------
23.2.2021 10:16:05 || param: Status Todo : 
-------------------------
23.2.2021 10:16:05 || param: Project Glammys : 
-------------------------
23.2.2021 10:16:05 || select teammembers results: 1 : 
-------------------------
23.2.2021 10:16:05 || edit task role: Admin : 
-------------------------
23.2.2021 10:16:05 || status id: 0 : 
-------------------------
23.2.2021 10:16:05 || skill:  : 
-------------------------
23.2.2021 10:16:05 || sql: SELECT * FROM taskboard.Skills WHERE skill='' : 
-------------------------
23.2.2021 10:16:05 || Rezultate la select skills: 0 : 
-------------------------
23.2.2021 10:16:05 || skill id: 0 : 
-------------------------
23.2.2021 10:16:05 || rol: Admin : 
-------------------------
23.2.2021 10:17:54 || rol: Admin : 
-------------------------
23.2.2021 10:18:02 || Addtask - : 
-------------------------
23.2.2021 10:18:02 || nume proj1nume: Glammys : 
-------------------------
23.2.2021 10:18:02 || param: TaskName ccc : 
-------------------------
23.2.2021 10:18:02 || param: Skill Php : 
-------------------------
23.2.2021 10:18:02 || param: SkillLevel Level 1 : 
-------------------------
23.2.2021 10:18:02 || param: Duration 3 : 
-------------------------
23.2.2021 10:18:02 || param: AssignedTo Sas Beatrice : 
-------------------------
23.2.2021 10:18:02 || param: Status Todo : 
-------------------------
23.2.2021 10:18:02 || param: Project Glammys : 
-------------------------
23.2.2021 10:18:03 || select teammembers results: 1 : 
-------------------------
23.2.2021 10:18:03 || edit task role: Admin : 
-------------------------
23.2.2021 10:18:03 || status id: 0 : 
-------------------------
23.2.2021 10:18:03 || skill:  : 
-------------------------
23.2.2021 10:18:03 || sql: SELECT * FROM taskboard.Skills WHERE skill='' : 
-------------------------
23.2.2021 10:18:03 || Rezultate la select skills: 0 : 
-------------------------
23.2.2021 10:18:03 || skill id: 0 : 
-------------------------
23.2.2021 10:18:03 || rol: Admin : 
-------------------------
23.2.2021 10:22:56 || rol: Admin : 
-------------------------
23.2.2021 10:23:05 || Addtask - : 
-------------------------
23.2.2021 10:23:05 || AddTask - Error access in table TeamMembersUnknown column 'elapsed' in 'field list' : 
-------------------------
23.2.2021 10:23:05 || param: TaskName aaa : 
-------------------------
23.2.2021 10:23:05 || param: Skill Php : 
-------------------------
23.2.2021 10:23:05 || param: SkillLevel Level 1 : 
-------------------------
23.2.2021 10:23:05 || param: Duration 3 : 
-------------------------
23.2.2021 10:23:05 || param: AssignedTo Sas Beatrice : 
-------------------------
23.2.2021 10:23:05 || param: Status Todo : 
-------------------------
23.2.2021 10:23:05 || param: Project Glammys : 
-------------------------
23.2.2021 10:23:06 || select teammembers results: 1 : 
-------------------------
23.2.2021 10:23:06 || edit task role: Admin : 
-------------------------
23.2.2021 10:23:06 || status id: 0 : 
-------------------------
23.2.2021 10:23:06 || skill:  : 
-------------------------
23.2.2021 10:23:06 || sql: SELECT * FROM taskboard.Skills WHERE skill='' : 
-------------------------
23.2.2021 10:23:06 || Rezultate la select skills: 0 : 
-------------------------
23.2.2021 10:23:06 || skill id: 0 : 
-------------------------
23.2.2021 10:23:06 || rol: Admin : 
-------------------------
23.2.2021 10:29:55 || rol: Admin : 
-------------------------
23.2.2021 10:30:04 || Addtask - : 
-------------------------
23.2.2021 10:30:04 || AddTask - Error access in table TasksUnknown column 'elapsed' in 'field list' : 
-------------------------
23.2.2021 10:30:04 || param: TaskName Board : 
-------------------------
23.2.2021 10:30:04 || param: Skill Php : 
-------------------------
23.2.2021 10:30:04 || param: SkillLevel Level 1 : 
-------------------------
23.2.2021 10:30:04 || param: Duration 2 : 
-------------------------
23.2.2021 10:30:04 || param: AssignedTo Sas Beatrice : 
-------------------------
23.2.2021 10:30:04 || param: Status Todo : 
-------------------------
23.2.2021 10:30:04 || param: Project Glammys : 
-------------------------
23.2.2021 10:30:04 || select teammembers results: 1 : 
-------------------------
23.2.2021 10:30:04 || edit task role: Admin : 
-------------------------
23.2.2021 10:30:04 || status id: 0 : 
-------------------------
23.2.2021 10:30:04 || skill:  : 
-------------------------
23.2.2021 10:30:04 || sql: SELECT * FROM taskboard.Skills WHERE skill='' : 
-------------------------
23.2.2021 10:30:04 || Rezultate la select skills: 0 : 
-------------------------
23.2.2021 10:30:04 || skill id: 0 : 
-------------------------
23.2.2021 10:30:04 || rol: Admin : 
-------------------------
23.2.2021 10:30:49 || rol: Admin : 
-------------------------
23.2.2021 10:31:08 || rol: Admin : 
-------------------------
23.2.2021 10:31:33 || rol: Admin : 
-------------------------
23.2.2021 10:31:59 || Addtask - : 
-------------------------
23.2.2021 10:31:59 || AddTask - Error access in table TasksUnknown column 'elapsed' in 'field list' : 
-------------------------
23.2.2021 10:31:59 || param: TaskName ccc : 
-------------------------
23.2.2021 10:32:00 || param: Skill Php : 
-------------------------
23.2.2021 10:32:00 || param: SkillLevel Level 1 : 
-------------------------
23.2.2021 10:32:00 || param: Duration 2 : 
-------------------------
23.2.2021 10:32:00 || param: AssignedTo Sas Beatrice : 
-------------------------
23.2.2021 10:32:00 || param: Status Todo : 
-------------------------
23.2.2021 10:32:00 || param: Project Glammys : 
-------------------------
23.2.2021 10:32:00 || select teammembers results: 1 : 
-------------------------
23.2.2021 10:32:00 || edit task role: Admin : 
-------------------------
23.2.2021 10:32:00 || status id: 0 : 
-------------------------
23.2.2021 10:32:00 || skill:  : 
-------------------------
23.2.2021 10:32:00 || sql: SELECT * FROM taskboard.Skills WHERE skill='' : 
-------------------------
23.2.2021 10:32:00 || Rezultate la select skills: 0 : 
-------------------------
23.2.2021 10:32:00 || skill id: 0 : 
-------------------------
23.2.2021 10:32:00 || rol: Admin : 
-------------------------
23.2.2021 10:32:44 || rol: Admin : 
-------------------------
23.2.2021 10:32:53 || Addtask - : 
-------------------------
23.2.2021 10:32:53 || param: TaskName Board : 
-------------------------
23.2.2021 10:32:53 || param: Skill Php : 
-------------------------
23.2.2021 10:32:53 || param: SkillLevel Level 1 : 
-------------------------
23.2.2021 10:32:53 || param: Duration 5 : 
-------------------------
23.2.2021 10:32:53 || param: AssignedTo Sas Beatrice : 
-------------------------
23.2.2021 10:32:53 || param: Status Todo : 
-------------------------
23.2.2021 10:32:53 || param: Project Glammys : 
-------------------------
23.2.2021 10:32:53 || select teammembers results: 1 : 
-------------------------
23.2.2021 10:32:53 || edit task role: Admin : 
-------------------------
23.2.2021 10:32:53 || status id: 0 : 
-------------------------
23.2.2021 10:32:53 || skill:  : 
-------------------------
23.2.2021 10:32:53 || sql: SELECT * FROM taskboard.Skills WHERE skill='' : 
-------------------------
23.2.2021 10:32:53 || Rezultate la select skills: 0 : 
-------------------------
23.2.2021 10:32:53 || skill id: 0 : 
-------------------------
23.2.2021 10:32:53 || rol: Admin : 
-------------------------
23.2.2021 10:38:16 || rol: Admin : 
-------------------------
23.2.2021 10:45:04 || rol: Admin : 
-------------------------
23.2.2021 10:55:51 || rol: Admin : 
-------------------------
23.2.2021 11:02:49 || rol: Admin : 
-------------------------
23.2.2021 11:04:59 || rol: Admin : 
-------------------------
23.2.2021 11:14:33 || rol: Admin : 
-------------------------
23.2.2021 11:15:56 || rol: Admin : 
-------------------------
23.2.2021 11:18:53 || rol: Admin : 
-------------------------
23.2.2021 11:19:26 || rol: Admin : 
-------------------------
23.2.2021 11:32:00 || rol: Admin : 
-------------------------
23.2.2021 11:33:00 || rol: Admin : 
-------------------------
23.2.2021 11:33:57 || rol: Admin : 
-------------------------
23.2.2021 11:37:12 || rol: Admin : 
-------------------------
23.2.2021 11:37:18 || Addtask - : 
-------------------------
23.2.2021 11:37:18 || AddTask - Error access in table Tasks: You have an error in your SQL syntax; check the manual that corresponds to your MySQL server version for the right syntax to use near '1,1, 5)' at line 1 : 
-------------------------
23.2.2021 11:37:18 || param: TaskName  : 
-------------------------
23.2.2021 11:37:18 || param: Skill Php : 
-------------------------
23.2.2021 11:37:18 || param: SkillLevel Level 1 : 
-------------------------
23.2.2021 11:37:18 || param: Duration  : 
-------------------------
23.2.2021 11:37:18 || param: AssignedTo Sas Beatrice : 
-------------------------
23.2.2021 11:37:18 || param: Status Todo : 
-------------------------
23.2.2021 11:37:18 || param: Project Glammys : 
-------------------------
23.2.2021 11:37:18 || select teammembers results: 1 : 
-------------------------
23.2.2021 11:37:18 || edit task role: Admin : 
-------------------------
23.2.2021 11:37:18 || status id: 0 : 
-------------------------
23.2.2021 11:37:18 || skill:  : 
-------------------------
23.2.2021 11:37:18 || sql: SELECT * FROM taskboard.Skills WHERE skill='' : 
-------------------------
23.2.2021 11:37:18 || Rezultate la select skills: 0 : 
-------------------------
23.2.2021 11:37:18 || skill id: 0 : 
-------------------------
23.2.2021 11:37:18 || modific: UPDATE Taskboard.Tasks SET task_name='',skill_required=0,level_required=0,duration=,task_status=0,assigned_member=1,project=0 WHERE id= : 
-------------------------
23.2.2021 11:37:18 || Error access in table TeamMembersYou have an error in your SQL syntax; check the manual that corresponds to your MySQL server version for the right syntax to use near 'task_status=0,assigned_member=1,project=0 WHERE id=' at line 1 : 
-------------------------
23.2.2021 11:37:18 || rol: Admin : 
-------------------------
23.2.2021 11:37:39 || rol: Admin : 
-------------------------
23.2.2021 11:40:52 || rol: Admin : 
-------------------------
23.2.2021 12:00:58 || rol: Admin : 
-------------------------
23.2.2021 12:01:11 || rol: Admin : 
-------------------------
23.2.2021 12:03:12 || rol: Admin : 
-------------------------
23.2.2021 12:03:25 || rol: Admin : 
-------------------------
23.2.2021 12:04:52 || rol: Admin : 
-------------------------
23.2.2021 12:08:29 || rol: Admin : 
-------------------------
23.2.2021 12:10:50 || rol: Admin : 
-------------------------
23.2.2021 12:11:32 || rol: Admin : 
-------------------------
