9.1.2021 12:50:57 || rol: Operator : 
-------------------------
9.1.2021 12:51:54 || rol: Admin : 
-------------------------
9.1.2021 12:52:20 || param: TaskName Board : 
-------------------------
9.1.2021 12:52:20 || param: Skill HTML : 
-------------------------
9.1.2021 12:52:20 || param: SkillLevel Level 3 : 
-------------------------
9.1.2021 12:52:20 || param: Duration 2 : 
-------------------------
9.1.2021 12:52:20 || param: AssignedTo Sas Lorena : 
-------------------------
9.1.2021 12:52:20 || param: Status Todo : 
-------------------------
9.1.2021 12:52:20 || select teammembers results: 1 : 
-------------------------
9.1.2021 12:52:21 || edit task role: Admin : 
-------------------------
9.1.2021 12:52:21 || status id: 0 : 
-------------------------
9.1.2021 12:52:21 || skill:  : 
-------------------------
9.1.2021 12:52:21 || sql: SELECT * FROM taskboard.Skills WHERE skill='' : 
-------------------------
9.1.2021 12:52:21 || Rezultate la select skills: 0 : 
-------------------------
9.1.2021 12:52:21 || skill id: 0 : 
-------------------------
9.1.2021 12:52:21 || rol: Admin : 
-------------------------
9.1.2021 12:52:21 || rol: Admin : 
-------------------------
9.1.2021 12:52:44 || rol: Operator : 
-------------------------
9.1.2021 12:59:59 || rol: Operator : 
-------------------------
9.1.2021 01:00:40 || rol: Operator : 
-------------------------
