25.2.2021 08:38:41 || rol: Admin : 
-------------------------
25.2.2021 08:39:06 || Addtask - : 
-------------------------
25.2.2021 08:39:06 || param: TaskName TaskBoard2 : 
-------------------------
25.2.2021 08:39:06 || param: Skill Php : 
-------------------------
25.2.2021 08:39:06 || param: SkillLevel Level 1 : 
-------------------------
25.2.2021 08:39:06 || param: Duration 2 : 
-------------------------
25.2.2021 08:39:06 || param: AssignedTo Sas Beatrice : 
-------------------------
25.2.2021 08:39:06 || param: Status Todo : 
-------------------------
25.2.2021 08:39:06 || param: Project Software : 
-------------------------
25.2.2021 08:39:06 || select teammembers results: 1 : 
-------------------------
25.2.2021 08:39:06 || edit task role: Admin : 
-------------------------
25.2.2021 08:39:06 || status id: 0 : 
-------------------------
25.2.2021 08:39:06 || skill:  : 
-------------------------
25.2.2021 08:39:06 || sql: SELECT * FROM taskboard.Skills WHERE skill='' : 
-------------------------
25.2.2021 08:39:06 || Rezultate la select skills: 0 : 
-------------------------
25.2.2021 08:39:06 || skill id: 0 : 
-------------------------
25.2.2021 08:39:06 || rol: Admin : 
-------------------------
25.2.2021 08:39:28 || Addtask - : 
-------------------------
25.2.2021 08:39:28 || param: TaskName ccc : 
-------------------------
25.2.2021 08:39:28 || param: Skill Php : 
-------------------------
25.2.2021 08:39:28 || param: SkillLevel Level 1 : 
-------------------------
25.2.2021 08:39:28 || param: Duration 5 : 
-------------------------
25.2.2021 08:39:28 || param: AssignedTo Sas Beatrice : 
-------------------------
25.2.2021 08:39:28 || param: Status Todo : 
-------------------------
25.2.2021 08:39:28 || param: Project Glammys : 
-------------------------
25.2.2021 08:39:28 || select teammembers results: 1 : 
-------------------------
25.2.2021 08:39:28 || edit task role: Admin : 
-------------------------
25.2.2021 08:39:28 || status id: 0 : 
-------------------------
25.2.2021 08:39:29 || skill:  : 
-------------------------
25.2.2021 08:39:29 || sql: SELECT * FROM taskboard.Skills WHERE skill='' : 
-------------------------
25.2.2021 08:39:29 || Rezultate la select skills: 0 : 
-------------------------
25.2.2021 08:39:29 || skill id: 0 : 
-------------------------
25.2.2021 08:39:29 || rol: Admin : 
-------------------------
25.2.2021 08:39:38 || rol: Admin : 
-------------------------
25.2.2021 09:46:18 || rol: Admin : 
-------------------------
25.2.2021 09:59:21 || rol: Admin : 
-------------------------
25.2.2021 10:25:35 || rol: Admin : 
-------------------------
25.2.2021 10:30:50 || rol: Admin : 
-------------------------
25.2.2021 10:33:00 || rol: Admin : 
-------------------------
25.2.2021 10:39:11 || rol: Admin : 
-------------------------
25.2.2021 10:41:17 || rol: Admin : 
-------------------------
25.2.2021 11:03:41 || rol: Admin : 
-------------------------
25.2.2021 11:05:52 || rol: Admin : 
-------------------------
25.2.2021 11:06:11 || rol: Admin : 
-------------------------
25.2.2021 11:06:33 || Addtask - : 
-------------------------
25.2.2021 11:06:33 || param: TaskName aaa : 
-------------------------
25.2.2021 11:06:33 || param: Skill Python : 
-------------------------
25.2.2021 11:06:33 || param: SkillLevel Level 7 : 
-------------------------
25.2.2021 11:06:33 || param: Duration 1 : 
-------------------------
25.2.2021 11:06:33 || param: AssignedTo Sas Beatrice : 
-------------------------
25.2.2021 11:06:33 || param: Status Todo : 
-------------------------
25.2.2021 11:06:33 || param: Project Glammys : 
-------------------------
25.2.2021 11:06:33 || select teammembers results: 1 : 
-------------------------
25.2.2021 11:06:33 || edit task role: Admin : 
-------------------------
25.2.2021 11:06:33 || status id: 0 : 
-------------------------
25.2.2021 11:06:33 || skill:  : 
-------------------------
25.2.2021 11:06:33 || sql: SELECT * FROM taskboard.Skills WHERE skill='' : 
-------------------------
25.2.2021 11:06:33 || Rezultate la select skills: 0 : 
-------------------------
25.2.2021 11:06:33 || skill id: 0 : 
-------------------------
25.2.2021 11:06:33 || rol: Admin : 
-------------------------
25.2.2021 11:09:42 || rol: Admin : 
-------------------------
25.2.2021 11:10:02 || Addtask - : 
-------------------------
25.2.2021 11:10:02 || param: TaskName ABC : 
-------------------------
25.2.2021 11:10:02 || param: Skill Python : 
-------------------------
25.2.2021 11:10:02 || param: SkillLevel Level 9 : 
-------------------------
25.2.2021 11:10:02 || param: Duration 2 : 
-------------------------
25.2.2021 11:10:02 || param: AssignedTo Sas Beatrice : 
-------------------------
25.2.2021 11:10:02 || param: Status Todo : 
-------------------------
25.2.2021 11:10:02 || param: Project Glammys : 
-------------------------
25.2.2021 11:10:02 || select teammembers results: 1 : 
-------------------------
25.2.2021 11:10:02 || edit task role: Admin : 
-------------------------
25.2.2021 11:10:02 || status id: 0 : 
-------------------------
25.2.2021 11:10:02 || skill:  : 
-------------------------
25.2.2021 11:10:02 || sql: SELECT * FROM taskboard.Skills WHERE skill='' : 
-------------------------
25.2.2021 11:10:02 || Rezultate la select skills: 0 : 
-------------------------
25.2.2021 11:10:02 || skill id: 0 : 
-------------------------
25.2.2021 11:10:02 || rol: Admin : 
-------------------------
25.2.2021 11:13:42 || rol: Admin : 
-------------------------
25.2.2021 11:14:02 || Addtask - : 
-------------------------
25.2.2021 11:14:02 || param: TaskName ABC : 
-------------------------
25.2.2021 11:14:02 || param: Skill Python : 
-------------------------
25.2.2021 11:14:02 || param: SkillLevel Level 10 : 
-------------------------
25.2.2021 11:14:02 || param: Duration 2 : 
-------------------------
25.2.2021 11:14:02 || param: AssignedTo Sas Beatrice : 
-------------------------
25.2.2021 11:14:02 || param: Status Todo : 
-------------------------
25.2.2021 11:14:02 || param: Project Glammys : 
-------------------------
25.2.2021 11:14:02 || select teammembers results: 1 : 
-------------------------
25.2.2021 11:14:02 || edit task role: Admin : 
-------------------------
25.2.2021 11:14:02 || status id: 0 : 
-------------------------
25.2.2021 11:14:02 || skill:  : 
-------------------------
25.2.2021 11:14:02 || sql: SELECT * FROM taskboard.Skills WHERE skill='' : 
-------------------------
25.2.2021 11:14:02 || Rezultate la select skills: 0 : 
-------------------------
25.2.2021 11:14:02 || skill id: 0 : 
-------------------------
25.2.2021 11:14:02 || rol: Admin : 
-------------------------
25.2.2021 11:14:33 || rol: Admin : 
-------------------------
25.2.2021 11:14:47 || Addtask - : 
-------------------------
25.2.2021 11:14:47 || param: TaskName ccc : 
-------------------------
25.2.2021 11:14:47 || param: Skill HTML : 
-------------------------
25.2.2021 11:14:47 || param: SkillLevel Level 1 : 
-------------------------
25.2.2021 11:14:47 || param: Duration 2 : 
-------------------------
25.2.2021 11:14:47 || param: AssignedTo Sas Beatrice : 
-------------------------
25.2.2021 11:14:47 || param: Status Todo : 
-------------------------
25.2.2021 11:14:47 || param: Project Glammys : 
-------------------------
25.2.2021 11:14:47 || select teammembers results: 1 : 
-------------------------
25.2.2021 11:14:47 || edit task role: Admin : 
-------------------------
25.2.2021 11:14:47 || status id: 0 : 
-------------------------
25.2.2021 11:14:47 || skill:  : 
-------------------------
25.2.2021 11:14:47 || sql: SELECT * FROM taskboard.Skills WHERE skill='' : 
-------------------------
25.2.2021 11:14:47 || Rezultate la select skills: 0 : 
-------------------------
25.2.2021 11:14:47 || skill id: 0 : 
-------------------------
25.2.2021 11:14:47 || rol: Admin : 
-------------------------
25.2.2021 11:15:02 || rol: Admin : 
-------------------------
25.2.2021 11:16:28 || Addtask - : 
-------------------------
25.2.2021 11:16:28 || param: TaskName TaskBoard2 : 
-------------------------
25.2.2021 11:16:28 || param: Skill Python : 
-------------------------
25.2.2021 11:16:28 || param: SkillLevel Level 1 : 
-------------------------
25.2.2021 11:16:28 || param: Duration 2 : 
-------------------------
25.2.2021 11:16:28 || param: AssignedTo Sas Beatrice : 
-------------------------
25.2.2021 11:16:28 || param: Status Todo : 
-------------------------
25.2.2021 11:16:28 || param: Project Glammys : 
-------------------------
25.2.2021 11:16:28 || select teammembers results: 1 : 
-------------------------
25.2.2021 11:16:28 || edit task role: Admin : 
-------------------------
25.2.2021 11:16:28 || status id: 0 : 
-------------------------
25.2.2021 11:16:28 || skill:  : 
-------------------------
25.2.2021 11:16:28 || sql: SELECT * FROM taskboard.Skills WHERE skill='' : 
-------------------------
25.2.2021 11:16:28 || Rezultate la select skills: 0 : 
-------------------------
25.2.2021 11:16:28 || skill id: 0 : 
-------------------------
25.2.2021 11:16:28 || rol: Admin : 
-------------------------
25.2.2021 11:18:06 || rol: Admin : 
-------------------------
25.2.2021 11:18:24 || Addtask - : 
-------------------------
25.2.2021 11:18:24 || param: TaskName ccc : 
-------------------------
25.2.2021 11:18:24 || param: Skill Python : 
-------------------------
25.2.2021 11:18:24 || param: SkillLevel Level 1 : 
-------------------------
25.2.2021 11:18:24 || param: Duration 2 : 
-------------------------
25.2.2021 11:18:24 || param: AssignedTo Sas Beatrice : 
-------------------------
25.2.2021 11:18:24 || param: Status Todo : 
-------------------------
25.2.2021 11:18:25 || param: Project Glammys : 
-------------------------
25.2.2021 11:18:25 || select teammembers results: 1 : 
-------------------------
25.2.2021 11:18:25 || edit task role: Admin : 
-------------------------
25.2.2021 11:18:25 || status id: 0 : 
-------------------------
25.2.2021 11:18:25 || skill:  : 
-------------------------
25.2.2021 11:18:25 || sql: SELECT * FROM taskboard.Skills WHERE skill='' : 
-------------------------
25.2.2021 11:18:25 || Rezultate la select skills: 0 : 
-------------------------
25.2.2021 11:18:25 || skill id: 0 : 
-------------------------
25.2.2021 11:18:25 || rol: Admin : 
-------------------------
25.2.2021 11:19:00 || Addtask - : 
-------------------------
25.2.2021 11:19:02 || param: TaskName TaskBoard2 : 
-------------------------
25.2.2021 11:19:02 || param: Skill Python : 
-------------------------
25.2.2021 11:19:02 || param: SkillLevel Level 9 : 
-------------------------
25.2.2021 11:19:02 || param: Duration 1 : 
-------------------------
25.2.2021 11:19:02 || param: AssignedTo Sas Beatrice : 
-------------------------
25.2.2021 11:19:02 || param: Status Todo : 
-------------------------
25.2.2021 11:19:02 || param: Project Glammys : 
-------------------------
25.2.2021 11:19:02 || select teammembers results: 1 : 
-------------------------
25.2.2021 11:19:02 || edit task role: Admin : 
-------------------------
25.2.2021 11:19:02 || status id: 0 : 
-------------------------
25.2.2021 11:19:02 || skill:  : 
-------------------------
25.2.2021 11:19:02 || sql: SELECT * FROM taskboard.Skills WHERE skill='' : 
-------------------------
25.2.2021 11:19:02 || Rezultate la select skills: 0 : 
-------------------------
25.2.2021 11:19:02 || skill id: 0 : 
-------------------------
25.2.2021 11:19:02 || rol: Admin : 
-------------------------
25.2.2021 11:19:41 || rol: Admin : 
-------------------------
25.2.2021 11:19:54 || Addtask - : 
-------------------------
25.2.2021 11:19:54 || param: TaskName TaskBoard2 : 
-------------------------
25.2.2021 11:19:54 || param: Skill Python : 
-------------------------
25.2.2021 11:19:54 || param: SkillLevel Level 8 : 
-------------------------
25.2.2021 11:19:54 || param: Duration 4 : 
-------------------------
25.2.2021 11:19:54 || param: AssignedTo Sas Beatrice : 
-------------------------
25.2.2021 11:19:54 || param: Status Todo : 
-------------------------
25.2.2021 11:19:54 || param: Project Glammys : 
-------------------------
25.2.2021 11:19:54 || select teammembers results: 1 : 
-------------------------
25.2.2021 11:19:54 || edit task role: Admin : 
-------------------------
25.2.2021 11:19:54 || status id: 0 : 
-------------------------
25.2.2021 11:19:54 || skill:  : 
-------------------------
25.2.2021 11:19:54 || sql: SELECT * FROM taskboard.Skills WHERE skill='' : 
-------------------------
25.2.2021 11:19:54 || Rezultate la select skills: 0 : 
-------------------------
25.2.2021 11:19:54 || skill id: 0 : 
-------------------------
25.2.2021 11:19:54 || rol: Admin : 
-------------------------
25.2.2021 11:23:15 || rol: Admin : 
-------------------------
25.2.2021 11:23:37 || Addtask - : 
-------------------------
25.2.2021 11:23:37 || param: TaskName ccc : 
-------------------------
25.2.2021 11:23:37 || param: Skill Python : 
-------------------------
25.2.2021 11:23:37 || param: SkillLevel Level 8 : 
-------------------------
25.2.2021 11:23:37 || param: Duration 0 : 
-------------------------
25.2.2021 11:23:37 || param: AssignedTo Sas Beatrice : 
-------------------------
25.2.2021 11:23:37 || param: Status Todo : 
-------------------------
25.2.2021 11:23:37 || param: Project Glammys : 
-------------------------
25.2.2021 11:23:37 || select teammembers results: 1 : 
-------------------------
25.2.2021 11:23:37 || edit task role: Admin : 
-------------------------
25.2.2021 11:23:37 || status id: 0 : 
-------------------------
25.2.2021 11:23:37 || skill:  : 
-------------------------
25.2.2021 11:23:37 || sql: SELECT * FROM taskboard.Skills WHERE skill='' : 
-------------------------
25.2.2021 11:23:37 || Rezultate la select skills: 0 : 
-------------------------
25.2.2021 11:23:37 || skill id: 0 : 
-------------------------
25.2.2021 11:23:37 || rol: Admin : 
-------------------------
25.2.2021 11:26:34 || Addtask - : 
-------------------------
25.2.2021 11:26:34 || param: TaskName Board : 
-------------------------
25.2.2021 11:26:34 || param: Skill Python : 
-------------------------
25.2.2021 11:26:34 || param: SkillLevel Level 10 : 
-------------------------
25.2.2021 11:26:34 || param: Duration 1 : 
-------------------------
25.2.2021 11:26:34 || param: AssignedTo Sas Beatrice : 
-------------------------
25.2.2021 11:26:34 || param: Status Todo : 
-------------------------
25.2.2021 11:26:34 || param: Project Glammys : 
-------------------------
25.2.2021 11:26:34 || select teammembers results: 1 : 
-------------------------
25.2.2021 11:26:34 || edit task role: Admin : 
-------------------------
25.2.2021 11:26:34 || status id: 0 : 
-------------------------
25.2.2021 11:26:34 || skill:  : 
-------------------------
25.2.2021 11:26:34 || sql: SELECT * FROM taskboard.Skills WHERE skill='' : 
-------------------------
25.2.2021 11:26:34 || Rezultate la select skills: 0 : 
-------------------------
25.2.2021 11:26:34 || skill id: 0 : 
-------------------------
25.2.2021 11:26:35 || rol: Admin : 
-------------------------
25.2.2021 11:27:57 || Addtask - : 
-------------------------
25.2.2021 11:27:57 || param: TaskName ccc : 
-------------------------
25.2.2021 11:27:57 || param: Skill Python : 
-------------------------
25.2.2021 11:27:57 || param: SkillLevel Level 10 : 
-------------------------
25.2.2021 11:27:57 || param: Duration 3 : 
-------------------------
25.2.2021 11:27:58 || param: AssignedTo Sas Beatrice : 
-------------------------
25.2.2021 11:27:58 || param: Status Todo : 
-------------------------
25.2.2021 11:27:58 || param: Project Glammys : 
-------------------------
25.2.2021 11:27:58 || select teammembers results: 1 : 
-------------------------
25.2.2021 11:27:58 || edit task role: Admin : 
-------------------------
25.2.2021 11:27:58 || status id: 0 : 
-------------------------
25.2.2021 11:27:58 || skill:  : 
-------------------------
25.2.2021 11:27:58 || sql: SELECT * FROM taskboard.Skills WHERE skill='' : 
-------------------------
25.2.2021 11:27:58 || Rezultate la select skills: 0 : 
-------------------------
25.2.2021 11:27:58 || skill id: 0 : 
-------------------------
25.2.2021 11:27:58 || rol: Admin : 
-------------------------
25.2.2021 11:30:09 || rol: Admin : 
-------------------------
25.2.2021 11:30:22 || Addtask - : 
-------------------------
25.2.2021 11:30:22 || param: TaskName TaskBoard2 : 
-------------------------
25.2.2021 11:30:23 || param: Skill Python : 
-------------------------
25.2.2021 11:30:23 || param: SkillLevel Level 9 : 
-------------------------
25.2.2021 11:30:23 || param: Duration 2 : 
-------------------------
25.2.2021 11:30:23 || param: AssignedTo Sas Beatrice : 
-------------------------
25.2.2021 11:30:23 || param: Status Todo : 
-------------------------
25.2.2021 11:30:23 || param: Project Glammys : 
-------------------------
25.2.2021 11:30:24 || select teammembers results: 1 : 
-------------------------
25.2.2021 11:30:24 || edit task role: Admin : 
-------------------------
25.2.2021 11:30:24 || status id: 0 : 
-------------------------
25.2.2021 11:30:24 || skill:  : 
-------------------------
25.2.2021 11:30:24 || sql: SELECT * FROM taskboard.Skills WHERE skill='' : 
-------------------------
25.2.2021 11:30:24 || Rezultate la select skills: 0 : 
-------------------------
25.2.2021 11:30:24 || skill id: 0 : 
-------------------------
25.2.2021 11:30:24 || rol: Admin : 
-------------------------
25.2.2021 11:31:12 || Addtask - : 
-------------------------
25.2.2021 11:31:12 || param: TaskName TaskBoard2 : 
-------------------------
25.2.2021 11:31:12 || param: Skill HTML : 
-------------------------
25.2.2021 11:31:12 || param: SkillLevel Level 1 : 
-------------------------
25.2.2021 11:31:12 || param: Duration 2 : 
-------------------------
25.2.2021 11:31:12 || param: AssignedTo Sas Beatrice : 
-------------------------
25.2.2021 11:31:12 || param: Status Todo : 
-------------------------
25.2.2021 11:31:12 || param: Project Glammys : 
-------------------------
25.2.2021 11:31:13 || select teammembers results: 1 : 
-------------------------
25.2.2021 11:31:13 || edit task role: Admin : 
-------------------------
25.2.2021 11:31:13 || status id: 0 : 
-------------------------
25.2.2021 11:31:13 || skill:  : 
-------------------------
25.2.2021 11:31:13 || sql: SELECT * FROM taskboard.Skills WHERE skill='' : 
-------------------------
25.2.2021 11:31:13 || Rezultate la select skills: 0 : 
-------------------------
25.2.2021 11:31:13 || skill id: 0 : 
-------------------------
25.2.2021 11:31:13 || rol: Admin : 
-------------------------
25.2.2021 11:32:30 || rol: Admin : 
-------------------------
25.2.2021 11:32:42 || Addtask - : 
-------------------------
25.2.2021 11:32:43 || param: TaskName ccc : 
-------------------------
25.2.2021 11:32:43 || param: Skill HTML : 
-------------------------
25.2.2021 11:32:43 || param: SkillLevel Level 4 : 
-------------------------
25.2.2021 11:32:43 || param: Duration 3 : 
-------------------------
25.2.2021 11:32:43 || param: AssignedTo Sas Beatrice : 
-------------------------
25.2.2021 11:32:43 || param: Status Todo : 
-------------------------
25.2.2021 11:32:43 || param: Project Glammys : 
-------------------------
25.2.2021 11:32:43 || select teammembers results: 1 : 
-------------------------
25.2.2021 11:32:43 || edit task role: Admin : 
-------------------------
25.2.2021 11:32:43 || status id: 0 : 
-------------------------
25.2.2021 11:32:43 || skill:  : 
-------------------------
25.2.2021 11:32:43 || sql: SELECT * FROM taskboard.Skills WHERE skill='' : 
-------------------------
25.2.2021 11:32:43 || Rezultate la select skills: 0 : 
-------------------------
25.2.2021 11:32:43 || skill id: 0 : 
-------------------------
25.2.2021 11:32:43 || rol: Admin : 
-------------------------
25.2.2021 11:42:09 || rol: Admin : 
-------------------------
25.2.2021 11:42:47 || rol: Admin : 
-------------------------
25.2.2021 11:44:52 || rol: Admin : 
-------------------------
25.2.2021 11:46:59 || rol: Admin : 
-------------------------
25.2.2021 11:47:37 || Addtask - : 
-------------------------
25.2.2021 11:47:37 || param: TaskName Board : 
-------------------------
25.2.2021 11:47:37 || param: Skill Python : 
-------------------------
25.2.2021 11:47:37 || param: SkillLevel Level 6 : 
-------------------------
25.2.2021 11:47:37 || param: Duration 2 : 
-------------------------
25.2.2021 11:47:37 || param: AssignedTo Sas Beatrice : 
-------------------------
25.2.2021 11:47:37 || param: Status Todo : 
-------------------------
25.2.2021 11:47:37 || param: Project Glammys : 
-------------------------
25.2.2021 11:47:37 || select teammembers results: 1 : 
-------------------------
25.2.2021 11:47:37 || edit task role: Admin : 
-------------------------
25.2.2021 11:47:37 || status id: 0 : 
-------------------------
25.2.2021 11:47:37 || skill:  : 
-------------------------
25.2.2021 11:47:37 || sql: SELECT * FROM taskboard.Skills WHERE skill='' : 
-------------------------
25.2.2021 11:47:37 || Rezultate la select skills: 0 : 
-------------------------
25.2.2021 11:47:37 || skill id: 0 : 
-------------------------
25.2.2021 11:47:37 || rol: Admin : 
-------------------------
25.2.2021 11:56:01 || rol: Admin : 
-------------------------
25.2.2021 11:57:31 || rol: Admin : 
-------------------------
25.2.2021 11:58:27 || rol: Admin : 
-------------------------
25.2.2021 12:03:52 || rol: Admin : 
-------------------------
25.2.2021 12:05:27 || rol: Admin : 
-------------------------
25.2.2021 12:07:56 || rol: Admin : 
-------------------------
25.2.2021 12:13:10 || rol: Admin : 
-------------------------
25.2.2021 12:14:34 || rol: Admin : 
-------------------------
25.2.2021 12:15:22 || rol: Admin : 
-------------------------
25.2.2021 12:24:19 || rol: Admin : 
-------------------------
25.2.2021 12:25:59 || rol: Admin : 
-------------------------
25.2.2021 12:26:32 || Addtask - : 
-------------------------
25.2.2021 12:26:32 || param: TaskName ccc : 
-------------------------
25.2.2021 12:26:32 || param: Skill Python : 
-------------------------
25.2.2021 12:26:32 || param: SkillLevel Level 1 : 
-------------------------
25.2.2021 12:26:32 || param: Duration 2 : 
-------------------------
25.2.2021 12:26:32 || param: AssignedTo Sas Beatrice : 
-------------------------
25.2.2021 12:26:32 || param: Status Todo : 
-------------------------
25.2.2021 12:26:32 || param: Project Glammys : 
-------------------------
25.2.2021 12:26:33 || select teammembers results: 1 : 
-------------------------
25.2.2021 12:26:33 || edit task role: Admin : 
-------------------------
25.2.2021 12:26:33 || status id: 0 : 
-------------------------
25.2.2021 12:26:33 || skill:  : 
-------------------------
25.2.2021 12:26:33 || sql: SELECT * FROM taskboard.Skills WHERE skill='' : 
-------------------------
25.2.2021 12:26:33 || Rezultate la select skills: 0 : 
-------------------------
25.2.2021 12:26:33 || skill id: 0 : 
-------------------------
25.2.2021 12:26:33 || rol: Admin : 
-------------------------
25.2.2021 12:27:43 || param: EditTaskName TaskBoard2 : 
-------------------------
25.2.2021 12:27:43 || param: EditSkill Python : 
-------------------------
25.2.2021 12:27:43 || param: EditSkillLevel Level 8 : 
-------------------------
25.2.2021 12:27:43 || param: EditDuration 4 : 
-------------------------
25.2.2021 12:27:43 || param: EditAssignedTo Sas Beatrice : 
-------------------------
25.2.2021 12:27:43 || param: EditStatus Todo : 
-------------------------
25.2.2021 12:27:43 || param: EditProject Glammys : 
-------------------------
25.2.2021 12:27:43 || param: EditTaskId 11 : 
-------------------------
25.2.2021 12:27:43 || select teammembers results: 1 : 
-------------------------
25.2.2021 12:27:43 || edit task role: Admin : 
-------------------------
25.2.2021 12:27:43 || id project: 5 : 
-------------------------
25.2.2021 12:27:43 || status id: 1 : 
-------------------------
25.2.2021 12:27:43 || skill: Python : 
-------------------------
25.2.2021 12:27:43 || sql: SELECT * FROM taskboard.Skills WHERE skill='Python' : 
-------------------------
25.2.2021 12:27:43 || Rezultate la select skills: 1 : 
-------------------------
25.2.2021 12:27:43 || skill id: 3 : 
-------------------------
25.2.2021 12:27:43 || modific: UPDATE Taskboard.Tasks SET task_name='TaskBoard2',skill_required=3,level_required=8,duration=4,task_status=1,assigned_member=1,project=5 WHERE id=11 : 
-------------------------
25.2.2021 12:27:43 || task editing : 
-------------------------
25.2.2021 12:28:55 || rol: Admin : 
-------------------------
25.2.2021 12:29:59 || rol: Admin : 
-------------------------
