8.1.2021 06:58:39 || rol: Admin : 
-------------------------
8.1.2021 06:58:50 || rol: Admin : 
-------------------------
8.1.2021 07:02:45 || rol: Admin : 
-------------------------
8.1.2021 07:03:19 || rol: Admin : 
-------------------------
8.1.2021 07:08:23 || rol: Admin : 
-------------------------
8.1.2021 07:08:34 || edit task : 
-------------------------
8.1.2021 07:08:34 || select teammembers results: 1 : 
-------------------------
8.1.2021 07:08:35 || rol: Admin : 
-------------------------
8.1.2021 07:13:12 || rol: Admin : 
-------------------------
8.1.2021 07:13:23 || select teammembers results: 1 : 
-------------------------
8.1.2021 07:13:23 || edit task role: Admin : 
-------------------------
8.1.2021 07:13:23 || status id: 2 : 
-------------------------
8.1.2021 07:13:23 || Rezultate la select skills: 0 : 
-------------------------
8.1.2021 07:13:23 || skill id: 0 : 
-------------------------
8.1.2021 07:13:23 || rol: Admin : 
-------------------------
8.1.2021 07:16:30 || rol: Admin : 
-------------------------
8.1.2021 07:16:41 || select teammembers results: 1 : 
-------------------------
8.1.2021 07:16:41 || edit task role: Admin : 
-------------------------
8.1.2021 07:16:41 || status id: 1 : 
-------------------------
8.1.2021 07:16:41 || skill:  : 
-------------------------
8.1.2021 07:16:41 || sql: SELECT * FROM taskboard.Skills WHERE skill='' : 
-------------------------
8.1.2021 07:16:41 || Rezultate la select skills: 0 : 
-------------------------
8.1.2021 07:16:41 || skill id: 0 : 
-------------------------
8.1.2021 07:16:41 || rol: Admin : 
-------------------------
8.1.2021 07:16:45 || rol: Admin : 
-------------------------
8.1.2021 07:19:32 || rol: Admin : 
-------------------------
8.1.2021 07:19:51 || select teammembers results: 1 : 
-------------------------
8.1.2021 07:19:51 || edit task role: Admin : 
-------------------------
8.1.2021 07:19:51 || taking all POST data : 
-------------------------
8.1.2021 07:19:51 || status id: 1 : 
-------------------------
8.1.2021 07:19:51 || skill:  : 
-------------------------
8.1.2021 07:19:51 || sql: SELECT * FROM taskboard.Skills WHERE skill='' : 
-------------------------
8.1.2021 07:19:51 || Rezultate la select skills: 0 : 
-------------------------
8.1.2021 07:19:51 || skill id: 0 : 
-------------------------
8.1.2021 07:19:51 || rol: Admin : 
-------------------------
8.1.2021 07:19:55 || rol: Admin : 
-------------------------
8.1.2021 07:25:16 || select teammembers results: 1 : 
-------------------------
8.1.2021 07:25:16 || edit task role: Admin : 
-------------------------
8.1.2021 07:25:16 || taking all POST data : 
-------------------------
8.1.2021 07:25:17 || status id: 0 : 
-------------------------
8.1.2021 07:25:17 || skill:  : 
-------------------------
8.1.2021 07:25:17 || sql: SELECT * FROM taskboard.Skills WHERE skill='' : 
-------------------------
8.1.2021 07:25:17 || Rezultate la select skills: 0 : 
-------------------------
8.1.2021 07:25:17 || skill id: 0 : 
-------------------------
8.1.2021 07:25:17 || rol: Admin : 
-------------------------
8.1.2021 07:25:17 || rol: Admin : 
-------------------------
8.1.2021 07:29:35 || rol: Admin : 
-------------------------
8.1.2021 07:29:46 || select teammembers results: 1 : 
-------------------------
8.1.2021 07:29:46 || edit task role: Admin : 
-------------------------
8.1.2021 07:29:46 || taking all POST data : 
-------------------------
8.1.2021 07:29:46 || status id: 1 : 
-------------------------
8.1.2021 07:29:46 || skill:  : 
-------------------------
8.1.2021 07:29:46 || sql: SELECT * FROM taskboard.Skills WHERE skill='' : 
-------------------------
8.1.2021 07:29:46 || Rezultate la select skills: 0 : 
-------------------------
8.1.2021 07:29:46 || skill id: 0 : 
-------------------------
8.1.2021 07:29:46 || rol: Admin : 
-------------------------
8.1.2021 07:34:57 || rol: Admin : 
-------------------------
8.1.2021 07:35:06 || param: EditTaskName Board : 
-------------------------
8.1.2021 07:35:06 || param: EditSkill Php : 
-------------------------
8.1.2021 07:35:06 || param: EditSkillLevel Level 7 : 
-------------------------
8.1.2021 07:35:06 || param: EditDuration 2 : 
-------------------------
8.1.2021 07:35:06 || param: EditAssignedTo Tura Daniel : 
-------------------------
8.1.2021 07:35:06 || param: EditStatus Todo : 
-------------------------
8.1.2021 07:35:06 || param: EditTaskId 5 : 
-------------------------
8.1.2021 07:35:06 || select teammembers results: 1 : 
-------------------------
8.1.2021 07:35:06 || edit task role: Admin : 
-------------------------
8.1.2021 07:35:06 || taking all POST data : 
-------------------------
8.1.2021 07:35:06 || status id: 1 : 
-------------------------
8.1.2021 07:35:06 || skill:  : 
-------------------------
8.1.2021 07:35:06 || sql: SELECT * FROM taskboard.Skills WHERE skill='' : 
-------------------------
8.1.2021 07:35:06 || Rezultate la select skills: 0 : 
-------------------------
8.1.2021 07:35:06 || skill id: 0 : 
-------------------------
8.1.2021 07:35:06 || rol: Admin : 
-------------------------
8.1.2021 07:35:10 || rol: Admin : 
-------------------------
8.1.2021 07:38:35 || rol: Admin : 
-------------------------
8.1.2021 07:38:46 || param: EditTaskName Board : 
-------------------------
8.1.2021 07:38:46 || param: EditSkill Php : 
-------------------------
8.1.2021 07:38:46 || param: EditSkillLevel Level 3 : 
-------------------------
8.1.2021 07:38:46 || param: EditDuration 2 : 
-------------------------
8.1.2021 07:38:46 || param: EditAssignedTo Tura Daniel : 
-------------------------
8.1.2021 07:38:46 || param: EditStatus Todo : 
-------------------------
8.1.2021 07:38:46 || param: EditTaskId 5 : 
-------------------------
8.1.2021 07:38:46 || select teammembers results: 1 : 
-------------------------
8.1.2021 07:38:46 || edit task role: Admin : 
-------------------------
8.1.2021 07:38:46 || status id: 1 : 
-------------------------
8.1.2021 07:38:46 || skill:  : 
-------------------------
8.1.2021 07:38:46 || sql: SELECT * FROM taskboard.Skills WHERE skill='' : 
-------------------------
8.1.2021 07:38:46 || Rezultate la select skills: 0 : 
-------------------------
8.1.2021 07:38:46 || skill id: 0 : 
-------------------------
8.1.2021 07:38:46 || rol: Admin : 
-------------------------
8.1.2021 07:41:05 || rol: Admin : 
-------------------------
8.1.2021 07:41:11 || rol: Admin : 
-------------------------
8.1.2021 07:41:22 || param: EditTaskName h : 
-------------------------
8.1.2021 07:41:22 || param: EditSkill C++ : 
-------------------------
8.1.2021 07:41:22 || param: EditSkillLevel Level 1 : 
-------------------------
8.1.2021 07:41:22 || param: EditDuration 1 : 
-------------------------
8.1.2021 07:41:22 || param: EditAssignedTo Popescu Maria : 
-------------------------
8.1.2021 07:41:22 || param: EditStatus In progress : 
-------------------------
8.1.2021 07:41:22 || param: EditTaskId 6 : 
-------------------------
8.1.2021 07:41:22 ||  : 
-------------------------
8.1.2021 07:41:22 || select teammembers results: 1 : 
-------------------------
8.1.2021 07:41:22 || edit task role: Admin : 
-------------------------
8.1.2021 07:41:22 || status id: 2 : 
-------------------------
8.1.2021 07:41:22 || skill:  : 
-------------------------
8.1.2021 07:41:22 || sql: SELECT * FROM taskboard.Skills WHERE skill='' : 
-------------------------
8.1.2021 07:41:22 || Rezultate la select skills: 0 : 
-------------------------
8.1.2021 07:41:22 || skill id: 0 : 
-------------------------
8.1.2021 07:41:22 || rol: Admin : 
-------------------------
8.1.2021 07:42:55 || rol: Admin : 
-------------------------
8.1.2021 07:43:06 || param: EditTaskName h : 
-------------------------
8.1.2021 07:43:06 || param: EditSkill Php : 
-------------------------
8.1.2021 07:43:07 || param: EditSkillLevel Level 10 : 
-------------------------
8.1.2021 07:43:07 || param: EditDuration 1 : 
-------------------------
8.1.2021 07:43:07 || param: EditAssignedTo Popescu Maria : 
-------------------------
8.1.2021 07:43:07 || param: EditStatus In progress : 
-------------------------
8.1.2021 07:43:07 || param: EditTaskId 6 : 
-------------------------
8.1.2021 07:43:07 || Php : 
-------------------------
8.1.2021 07:43:07 || select teammembers results: 1 : 
-------------------------
8.1.2021 07:43:07 || edit task role: Admin : 
-------------------------
8.1.2021 07:43:07 || status id: 2 : 
-------------------------
8.1.2021 07:43:07 || skill: Php : 
-------------------------
8.1.2021 07:43:07 || sql: SELECT * FROM taskboard.Skills WHERE skill='Php' : 
-------------------------
8.1.2021 07:43:07 || Rezultate la select skills: 1 : 
-------------------------
8.1.2021 07:43:07 || skill id: 2 : 
-------------------------
8.1.2021 07:43:07 || rol: Admin : 
-------------------------
8.1.2021 07:46:08 || rol: Admin : 
-------------------------
8.1.2021 07:46:26 || param: EditTaskName Board : 
-------------------------
8.1.2021 07:46:26 || param: EditSkill C++ : 
-------------------------
8.1.2021 07:46:26 || param: EditSkillLevel Level 7 : 
-------------------------
8.1.2021 07:46:26 || param: EditDuration 2 : 
-------------------------
8.1.2021 07:46:26 || param: EditAssignedTo Tura Daniel : 
-------------------------
8.1.2021 07:46:26 || param: EditStatus Todo : 
-------------------------
8.1.2021 07:46:26 || param: EditTaskId 5 : 
-------------------------
8.1.2021 07:46:26 || select teammembers results: 1 : 
-------------------------
8.1.2021 07:46:26 || edit task role: Admin : 
-------------------------
8.1.2021 07:46:26 || status id: 1 : 
-------------------------
8.1.2021 07:46:26 || skill: C++ : 
-------------------------
8.1.2021 07:46:26 || sql: SELECT * FROM taskboard.Skills WHERE skill='C++' : 
-------------------------
8.1.2021 07:46:26 || Rezultate la select skills: 1 : 
-------------------------
8.1.2021 07:46:26 || skill id: 5 : 
-------------------------
8.1.2021 07:46:26 || rol: Admin : 
-------------------------
8.1.2021 07:46:37 || param: EditTaskName TaskBoard2 : 
-------------------------
8.1.2021 07:46:37 || param: EditSkill JavaScript : 
-------------------------
8.1.2021 07:46:37 || param: EditSkillLevel Level 10 : 
-------------------------
8.1.2021 07:46:37 || param: EditDuration 5 : 
-------------------------
8.1.2021 07:46:37 || param: EditAssignedTo Andrescu Laviniu : 
-------------------------
8.1.2021 07:46:37 || param: EditStatus Todo : 
-------------------------
8.1.2021 07:46:37 || param: EditTaskId 3 : 
-------------------------
8.1.2021 07:46:37 || select teammembers results: 1 : 
-------------------------
8.1.2021 07:46:37 || edit task role: Admin : 
-------------------------
8.1.2021 07:46:37 || status id: 1 : 
-------------------------
8.1.2021 07:46:37 || skill: JavaScript : 
-------------------------
8.1.2021 07:46:37 || sql: SELECT * FROM taskboard.Skills WHERE skill='JavaScript' : 
-------------------------
8.1.2021 07:46:37 || Rezultate la select skills: 1 : 
-------------------------
8.1.2021 07:46:37 || skill id: 8 : 
-------------------------
8.1.2021 07:46:37 || rol: Admin : 
-------------------------
8.1.2021 08:06:50 || rol: Admin : 
-------------------------
8.1.2021 08:22:56 || rol: Admin : 
-------------------------
8.1.2021 08:23:34 || rol: Admin : 
-------------------------
8.1.2021 08:24:14 || rol: Admin : 
-------------------------
8.1.2021 08:24:23 || rol: Admin : 
-------------------------
8.1.2021 08:27:22 || rol: Admin : 
-------------------------
8.1.2021 08:27:40 || param: TaskName Aplicatie : 
-------------------------
8.1.2021 08:27:40 || param: Skill Php : 
-------------------------
8.1.2021 08:27:40 || param: SkillLevel Level 1 : 
-------------------------
8.1.2021 08:27:40 || param: Duration 1 : 
-------------------------
8.1.2021 08:27:40 || param: AssignedTo Sas Beatrice : 
-------------------------
8.1.2021 08:27:40 || param: Status Todo : 
-------------------------
8.1.2021 08:27:40 || select teammembers results: 1 : 
-------------------------
8.1.2021 08:27:40 || edit task role: Admin : 
-------------------------
8.1.2021 08:27:40 || status id: 0 : 
-------------------------
8.1.2021 08:27:40 || skill:  : 
-------------------------
8.1.2021 08:27:40 || sql: SELECT * FROM taskboard.Skills WHERE skill='' : 
-------------------------
8.1.2021 08:27:40 || Rezultate la select skills: 0 : 
-------------------------
8.1.2021 08:27:40 || skill id: 0 : 
-------------------------
8.1.2021 08:27:40 || rol: Admin : 
-------------------------
8.1.2021 08:27:40 || rol: Admin : 
-------------------------
8.1.2021 08:28:57 || rol: Admin : 
-------------------------
8.1.2021 08:30:24 || rol: Admin : 
-------------------------
8.1.2021 08:32:09 || rol: Admin : 
-------------------------
8.1.2021 08:33:19 || rol: Admin : 
-------------------------
8.1.2021 08:33:50 || param: TaskName Aplicatie : 
-------------------------
8.1.2021 08:33:50 || param: Skill Php : 
-------------------------
8.1.2021 08:33:50 || param: SkillLevel Level 1 : 
-------------------------
8.1.2021 08:33:50 || param: Duration 1 : 
-------------------------
8.1.2021 08:33:50 || param: AssignedTo Sas Beatrice : 
-------------------------
8.1.2021 08:33:50 || param: Status Todo : 
-------------------------
8.1.2021 08:33:50 || select teammembers results: 1 : 
-------------------------
8.1.2021 08:33:50 || edit task role: Admin : 
-------------------------
8.1.2021 08:33:50 || status id: 0 : 
-------------------------
8.1.2021 08:33:50 || skill:  : 
-------------------------
8.1.2021 08:33:50 || sql: SELECT * FROM taskboard.Skills WHERE skill='' : 
-------------------------
8.1.2021 08:33:50 || Rezultate la select skills: 0 : 
-------------------------
8.1.2021 08:33:50 || skill id: 0 : 
-------------------------
8.1.2021 08:33:50 || rol: Admin : 
-------------------------
8.1.2021 08:33:51 || rol: Admin : 
-------------------------
8.1.2021 08:38:59 || rol: Admin : 
-------------------------
8.1.2021 08:42:26 || rol: Admin : 
-------------------------
