12.1.2021 02:53:01 || rol: Admin : 
-------------------------
12.1.2021 02:53:59 || rol: Admin : 
-------------------------
12.1.2021 02:59:41 || rol: Admin : 
-------------------------
12.1.2021 03:00:09 || rol: Operator : 
-------------------------
12.1.2021 03:00:54 || rol: Admin : 
-------------------------
12.1.2021 03:01:26 || rol: Admin : 
-------------------------
12.1.2021 03:24:11 || param: TaskName Board1 : 
-------------------------
12.1.2021 03:24:11 || param: Skill Php : 
-------------------------
12.1.2021 03:24:11 || param: SkillLevel Level 1 : 
-------------------------
12.1.2021 03:24:11 || param: Duration 2 : 
-------------------------
12.1.2021 03:24:11 || param: AssignedTo Sas Beatrice : 
-------------------------
12.1.2021 03:24:11 || param: Status Todo : 
-------------------------
12.1.2021 03:24:11 || select teammembers results: 1 : 
-------------------------
12.1.2021 03:24:11 || edit task role: Admin : 
-------------------------
12.1.2021 03:24:11 || status id: 0 : 
-------------------------
12.1.2021 03:24:11 || skill:  : 
-------------------------
12.1.2021 03:24:11 || sql: SELECT * FROM taskboard.Skills WHERE skill='' : 
-------------------------
12.1.2021 03:24:11 || Rezultate la select skills: 0 : 
-------------------------
12.1.2021 03:24:11 || skill id: 0 : 
-------------------------
12.1.2021 03:24:12 || rol: Admin : 
-------------------------
12.1.2021 03:24:12 || rol: Admin : 
-------------------------
12.1.2021 03:24:28 || rol: Admin : 
-------------------------
12.1.2021 04:37:06 || rol: Admin : 
-------------------------
12.1.2021 04:42:01 || rol: Admin : 
-------------------------
12.1.2021 05:25:17 || rol: Admin : 
-------------------------
12.1.2021 05:28:08 || rol: Admin : 
-------------------------
12.1.2021 05:31:37 || rol: Operator : 
-------------------------
