30.1.2021 07:58:51 || rol: Admin : 
-------------------------
30.1.2021 07:58:51 || fa ceva : 
-------------------------
30.1.2021 07:59:15 || param: EditTaskName Aplications : 
-------------------------
30.1.2021 07:59:15 || param: EditSkill Php : 
-------------------------
30.1.2021 07:59:15 || param: EditSkillLevel Level 1 : 
-------------------------
30.1.2021 07:59:15 || param: EditDuration 1 : 
-------------------------
30.1.2021 07:59:15 || param: EditAssignedTo Sas Beatrice : 
-------------------------
30.1.2021 07:59:15 || param: EditStatus Todo : 
-------------------------
30.1.2021 07:59:15 || param: EditProject Glammy : 
-------------------------
30.1.2021 07:59:15 || param: EditTaskId 1 : 
-------------------------
30.1.2021 07:59:16 || select teammembers results: 1 : 
-------------------------
30.1.2021 07:59:16 || edit task role: Admin : 
-------------------------
30.1.2021 07:59:16 || id project: 4 : 
-------------------------
30.1.2021 07:59:16 || status id: 1 : 
-------------------------
30.1.2021 07:59:16 || skill: Php : 
-------------------------
30.1.2021 07:59:16 || sql: SELECT * FROM taskboard.Skills WHERE skill='Php' : 
-------------------------
30.1.2021 07:59:16 || Rezultate la select skills: 1 : 
-------------------------
30.1.2021 07:59:16 || skill id: 1 : 
-------------------------
30.1.2021 07:59:16 || modific: UPDATE Taskboard.Tasks SET task_name='Aplications',skill_required=1,level_required=1,duration=1,task_status=1,assigned_member=1,project=4 WHERE id=1 : 
-------------------------
30.1.2021 07:59:16 || task editing : 
-------------------------
30.1.2021 07:59:16 || rol: Admin : 
-------------------------
30.1.2021 07:59:16 || fa ceva : 
-------------------------
30.1.2021 07:59:27 || rol: Admin : 
-------------------------
30.1.2021 07:59:27 || fa ceva : 
-------------------------
30.1.2021 08:23:21 || rol: Admin : 
-------------------------
30.1.2021 08:23:21 || fa ceva : 
-------------------------
30.1.2021 08:23:27 || rol: Admin : 
-------------------------
30.1.2021 08:23:27 || fa ceva : 
-------------------------
30.1.2021 08:24:39 || rol: Admin : 
-------------------------
30.1.2021 08:24:40 || fa ceva : 
-------------------------
30.1.2021 08:24:44 || rol: Admin : 
-------------------------
30.1.2021 08:24:44 || fa ceva : 
-------------------------
30.1.2021 08:25:10 || rol: Admin : 
-------------------------
30.1.2021 08:25:10 || fa ceva : 
-------------------------
30.1.2021 08:25:17 || param: EditTaskName TaskBoard2 : 
-------------------------
30.1.2021 08:25:17 || rol: Admin : 
-------------------------
30.1.2021 08:25:17 || fa ceva : 
-------------------------
30.1.2021 08:25:17 || param: EditSkill C : 
-------------------------
30.1.2021 08:25:17 || param: EditSkillLevel Level 4 : 
-------------------------
30.1.2021 08:25:17 || param: EditDuration 12 : 
-------------------------
30.1.2021 08:25:17 || param: EditAssignedTo Sas Beatrice : 
-------------------------
30.1.2021 08:25:17 || param: EditStatus Todo : 
-------------------------
30.1.2021 08:25:17 || param: EditProject Glammy : 
-------------------------
30.1.2021 08:25:17 || param: EditTaskId 3 : 
-------------------------
30.1.2021 08:25:17 || select teammembers results: 1 : 
-------------------------
30.1.2021 08:25:17 || edit task role: Admin : 
-------------------------
30.1.2021 08:25:17 || id project: 4 : 
-------------------------
30.1.2021 08:25:17 || status id: 1 : 
-------------------------
30.1.2021 08:25:17 || skill: C : 
-------------------------
30.1.2021 08:25:17 || sql: SELECT * FROM taskboard.Skills WHERE skill='C' : 
-------------------------
30.1.2021 08:25:17 || Rezultate la select skills: 1 : 
-------------------------
30.1.2021 08:25:17 || skill id: 5 : 
-------------------------
30.1.2021 08:25:17 || modific: UPDATE Taskboard.Tasks SET task_name='TaskBoard2',skill_required=5,level_required=4,duration=12,task_status=1,assigned_member=1,project=4 WHERE id=3 : 
-------------------------
30.1.2021 08:25:17 || task editing : 
-------------------------
30.1.2021 08:25:32 || param: EditTaskName TaskBoard2 : 
-------------------------
30.1.2021 08:25:32 || param: EditSkill C : 
-------------------------
30.1.2021 08:25:32 || param: EditSkillLevel Level 4 : 
-------------------------
30.1.2021 08:25:32 || param: EditDuration 12 : 
-------------------------
30.1.2021 08:25:32 || param: EditAssignedTo Sas Beatrice : 
-------------------------
30.1.2021 08:25:32 || param: EditStatus Todo : 
-------------------------
30.1.2021 08:25:32 || param: EditProject Glammy : 
-------------------------
30.1.2021 08:25:32 || param: EditTaskId 3 : 
-------------------------
30.1.2021 08:25:32 || select teammembers results: 1 : 
-------------------------
30.1.2021 08:25:32 || edit task role: Admin : 
-------------------------
30.1.2021 08:25:32 || id project: 4 : 
-------------------------
30.1.2021 08:25:32 || status id: 1 : 
-------------------------
30.1.2021 08:25:32 || skill: C : 
-------------------------
30.1.2021 08:25:32 || sql: SELECT * FROM taskboard.Skills WHERE skill='C' : 
-------------------------
30.1.2021 08:25:32 || Rezultate la select skills: 1 : 
-------------------------
30.1.2021 08:25:32 || skill id: 5 : 
-------------------------
30.1.2021 08:25:32 || modific: UPDATE Taskboard.Tasks SET task_name='TaskBoard2',skill_required=5,level_required=4,duration=12,task_status=1,assigned_member=1,project=4 WHERE id=3 : 
-------------------------
30.1.2021 08:25:32 || task editing : 
-------------------------
30.1.2021 08:25:32 || rol: Admin : 
-------------------------
30.1.2021 08:25:32 || fa ceva : 
-------------------------
30.1.2021 08:25:42 || rol: Admin : 
-------------------------
30.1.2021 08:25:42 || fa ceva : 
-------------------------
30.1.2021 08:26:33 || rol: Admin : 
-------------------------
30.1.2021 08:26:33 || fa ceva : 
-------------------------
30.1.2021 08:28:39 || rol: Admin : 
-------------------------
30.1.2021 08:28:46 || rol: Admin : 
-------------------------
30.1.2021 08:29:26 || rol: Admin : 
-------------------------
30.1.2021 08:30:05 || rol: Admin : 
-------------------------
30.1.2021 08:32:16 || rol: Admin : 
-------------------------
30.1.2021 08:34:41 || rol: Admin : 
-------------------------
30.1.2021 08:43:15 || rol: Admin : 
-------------------------
30.1.2021 08:46:19 || rol: Admin : 
-------------------------
30.1.2021 08:49:34 || rol: Operator : 
-------------------------
30.1.2021 08:50:40 || rol: Admin : 
-------------------------
30.1.2021 09:07:12 || rol: Admin : 
-------------------------
30.1.2021 09:07:38 || rol: Admin : 
-------------------------
30.1.2021 09:08:05 || rol: Admin : 
-------------------------
30.1.2021 09:10:50 || rol: Admin : 
-------------------------
30.1.2021 09:11:03 || rol: Admin : 
-------------------------
30.1.2021 09:11:19 || param: EditTaskName Aplications : 
-------------------------
30.1.2021 09:11:19 || param: EditSkill Php : 
-------------------------
30.1.2021 09:11:19 || param: EditSkillLevel Level 1 : 
-------------------------
30.1.2021 09:11:19 || param: EditDuration 1 : 
-------------------------
30.1.2021 09:11:19 || param: EditAssignedTo Sas Beatrice : 
-------------------------
30.1.2021 09:11:19 || param: EditStatus Todo : 
-------------------------
30.1.2021 09:11:19 || param: EditProject Software : 
-------------------------
30.1.2021 09:11:19 || param: EditTaskId 1 : 
-------------------------
30.1.2021 09:11:19 || select teammembers results: 1 : 
-------------------------
30.1.2021 09:11:19 || edit task role: Admin : 
-------------------------
30.1.2021 09:11:19 || id project: 3 : 
-------------------------
30.1.2021 09:11:19 || status id: 1 : 
-------------------------
30.1.2021 09:11:19 || skill: Php : 
-------------------------
30.1.2021 09:11:19 || sql: SELECT * FROM taskboard.Skills WHERE skill='Php' : 
-------------------------
30.1.2021 09:11:19 || Rezultate la select skills: 1 : 
-------------------------
30.1.2021 09:11:19 || skill id: 1 : 
-------------------------
30.1.2021 09:11:19 || modific: UPDATE Taskboard.Tasks SET task_name='Aplications',skill_required=1,level_required=1,duration=1,task_status=1,assigned_member=1,project=3 WHERE id=1 : 
-------------------------
30.1.2021 09:11:19 || task editing : 
-------------------------
30.1.2021 09:11:19 || rol: Admin : 
-------------------------
30.1.2021 09:11:25 || rol: Admin : 
-------------------------
30.1.2021 09:11:36 || rol: Operator : 
-------------------------
30.1.2021 09:11:55 || rol: Admin : 
-------------------------
30.1.2021 09:31:13 || rol: Admin : 
-------------------------
30.1.2021 09:33:12 || rol: Admin : 
-------------------------
30.1.2021 09:35:03 || rol: Admin : 
-------------------------
