11.1.2021 08:11:54 || param: TaskName ABC : 
-------------------------
11.1.2021 08:11:54 || param: Skill Php : 
-------------------------
11.1.2021 08:11:54 || param: SkillLevel Level 1 : 
-------------------------
11.1.2021 08:11:54 || param: Duration 5 : 
-------------------------
11.1.2021 08:11:54 || param: AssignedTo Sas Beatrice : 
-------------------------
11.1.2021 08:11:54 || param: Status Todo : 
-------------------------
11.1.2021 08:11:54 || select teammembers results: 1 : 
-------------------------
11.1.2021 08:11:54 || edit task role: Admin : 
-------------------------
11.1.2021 08:11:54 || status id: 0 : 
-------------------------
11.1.2021 08:11:54 || skill:  : 
-------------------------
11.1.2021 08:11:54 || sql: SELECT * FROM taskboard.Skills WHERE skill='' : 
-------------------------
11.1.2021 08:11:54 || Rezultate la select skills: 0 : 
-------------------------
11.1.2021 08:11:54 || skill id: 0 : 
-------------------------
11.1.2021 08:11:54 || rol: Admin : 
-------------------------
11.1.2021 08:11:55 || rol: Admin : 
-------------------------
11.1.2021 08:12:09 || param: TaskName Board1 : 
-------------------------
11.1.2021 08:12:09 || param: Skill Php : 
-------------------------
11.1.2021 08:12:09 || param: SkillLevel Level 1 : 
-------------------------
11.1.2021 08:12:09 || param: Duration 4 : 
-------------------------
11.1.2021 08:12:09 || param: AssignedTo Sas Beatrice : 
-------------------------
11.1.2021 08:12:09 || param: Status Todo : 
-------------------------
11.1.2021 08:12:09 || select teammembers results: 1 : 
-------------------------
11.1.2021 08:12:09 || edit task role: Admin : 
-------------------------
11.1.2021 08:12:09 || status id: 0 : 
-------------------------
11.1.2021 08:12:09 || skill:  : 
-------------------------
11.1.2021 08:12:09 || sql: SELECT * FROM taskboard.Skills WHERE skill='' : 
-------------------------
11.1.2021 08:12:09 || Rezultate la select skills: 0 : 
-------------------------
11.1.2021 08:12:09 || skill id: 0 : 
-------------------------
11.1.2021 08:12:09 || rol: Admin : 
-------------------------
11.1.2021 08:12:10 || rol: Admin : 
-------------------------
11.1.2021 08:12:24 || param: TaskName aaa : 
-------------------------
11.1.2021 08:12:24 || param: Skill C : 
-------------------------
11.1.2021 08:12:24 || param: SkillLevel Level 6 : 
-------------------------
11.1.2021 08:12:24 || param: Duration 6 : 
-------------------------
11.1.2021 08:12:24 || param: AssignedTo Sas Lorena : 
-------------------------
11.1.2021 08:12:24 || param: Status Todo : 
-------------------------
11.1.2021 08:12:25 || select teammembers results: 1 : 
-------------------------
11.1.2021 08:12:25 || edit task role: Admin : 
-------------------------
11.1.2021 08:12:25 || status id: 0 : 
-------------------------
11.1.2021 08:12:25 || skill:  : 
-------------------------
11.1.2021 08:12:25 || sql: SELECT * FROM taskboard.Skills WHERE skill='' : 
-------------------------
11.1.2021 08:12:25 || Rezultate la select skills: 0 : 
-------------------------
11.1.2021 08:12:25 || skill id: 0 : 
-------------------------
11.1.2021 08:12:25 || rol: Admin : 
-------------------------
11.1.2021 08:12:25 || rol: Admin : 
-------------------------
11.1.2021 08:12:42 || param: TaskName ccc : 
-------------------------
11.1.2021 08:12:42 || param: Skill Phyton : 
-------------------------
11.1.2021 08:12:42 || param: SkillLevel Level 8 : 
-------------------------
11.1.2021 08:12:42 || param: Duration 9 : 
-------------------------
11.1.2021 08:12:42 || param: AssignedTo Sas Beatrice : 
-------------------------
11.1.2021 08:12:42 || param: Status Todo : 
-------------------------
11.1.2021 08:12:42 || select teammembers results: 1 : 
-------------------------
11.1.2021 08:12:42 || edit task role: Admin : 
-------------------------
11.1.2021 08:12:42 || status id: 0 : 
-------------------------
11.1.2021 08:12:42 || skill:  : 
-------------------------
11.1.2021 08:12:42 || sql: SELECT * FROM taskboard.Skills WHERE skill='' : 
-------------------------
11.1.2021 08:12:42 || Rezultate la select skills: 0 : 
-------------------------
11.1.2021 08:12:42 || skill id: 0 : 
-------------------------
11.1.2021 08:12:42 || rol: Admin : 
-------------------------
11.1.2021 08:12:43 || rol: Admin : 
-------------------------
11.1.2021 08:13:11 || param: TaskName MPP : 
-------------------------
11.1.2021 08:13:11 || param: Skill Phyton : 
-------------------------
11.1.2021 08:13:11 || param: SkillLevel Level 4 : 
-------------------------
11.1.2021 08:13:11 || param: Duration 7 : 
-------------------------
11.1.2021 08:13:11 || param: AssignedTo Sas Beatrice : 
-------------------------
11.1.2021 08:13:11 || param: Status Todo : 
-------------------------
11.1.2021 08:13:12 || select teammembers results: 1 : 
-------------------------
11.1.2021 08:13:12 || edit task role: Admin : 
-------------------------
11.1.2021 08:13:12 || status id: 0 : 
-------------------------
11.1.2021 08:13:12 || skill:  : 
-------------------------
11.1.2021 08:13:12 || sql: SELECT * FROM taskboard.Skills WHERE skill='' : 
-------------------------
11.1.2021 08:13:12 || Rezultate la select skills: 0 : 
-------------------------
11.1.2021 08:13:12 || skill id: 0 : 
-------------------------
11.1.2021 08:13:12 || rol: Admin : 
-------------------------
11.1.2021 08:13:12 || rol: Admin : 
-------------------------
11.1.2021 08:13:36 || param: TaskName MPI : 
-------------------------
11.1.2021 08:13:36 || param: Skill HTML : 
-------------------------
11.1.2021 08:13:36 || param: SkillLevel Level 5 : 
-------------------------
11.1.2021 08:13:36 || param: Duration 7 : 
-------------------------
11.1.2021 08:13:36 || param: AssignedTo Sas Lorena : 
-------------------------
11.1.2021 08:13:36 || param: Status Todo : 
-------------------------
11.1.2021 08:13:36 || select teammembers results: 1 : 
-------------------------
11.1.2021 08:13:36 || edit task role: Admin : 
-------------------------
11.1.2021 08:13:36 || status id: 0 : 
-------------------------
11.1.2021 08:13:36 || skill:  : 
-------------------------
11.1.2021 08:13:36 || sql: SELECT * FROM taskboard.Skills WHERE skill='' : 
-------------------------
11.1.2021 08:13:36 || Rezultate la select skills: 0 : 
-------------------------
11.1.2021 08:13:36 || skill id: 0 : 
-------------------------
11.1.2021 08:13:36 || rol: Admin : 
-------------------------
11.1.2021 08:13:36 || rol: Admin : 
-------------------------
11.1.2021 08:14:09 || param: TaskName CAD : 
-------------------------
11.1.2021 08:14:09 || param: Skill C++ : 
-------------------------
11.1.2021 08:14:09 || param: SkillLevel Level 9 : 
-------------------------
11.1.2021 08:14:09 || param: Duration 10 : 
-------------------------
11.1.2021 08:14:09 || param: AssignedTo Sas Lorena : 
-------------------------
11.1.2021 08:14:09 || param: Status In progress : 
-------------------------
11.1.2021 08:14:09 || select teammembers results: 1 : 
-------------------------
11.1.2021 08:14:09 || edit task role: Admin : 
-------------------------
11.1.2021 08:14:09 || status id: 0 : 
-------------------------
11.1.2021 08:14:09 || skill:  : 
-------------------------
11.1.2021 08:14:09 || sql: SELECT * FROM taskboard.Skills WHERE skill='' : 
-------------------------
11.1.2021 08:14:09 || Rezultate la select skills: 0 : 
-------------------------
11.1.2021 08:14:09 || skill id: 0 : 
-------------------------
11.1.2021 08:14:10 || rol: Admin : 
-------------------------
11.1.2021 08:14:10 || rol: Admin : 
-------------------------
11.1.2021 08:14:32 || param: TaskName TaskBoard2 : 
-------------------------
11.1.2021 08:14:32 || param: Skill C : 
-------------------------
11.1.2021 08:14:32 || param: SkillLevel Level 1 : 
-------------------------
11.1.2021 08:14:32 || param: Duration 6 : 
-------------------------
11.1.2021 08:14:32 || param: AssignedTo Sas Lorena : 
-------------------------
11.1.2021 08:14:32 || param: Status Done : 
-------------------------
11.1.2021 08:14:32 || select teammembers results: 1 : 
-------------------------
11.1.2021 08:14:32 || edit task role: Admin : 
-------------------------
11.1.2021 08:14:32 || status id: 0 : 
-------------------------
11.1.2021 08:14:32 || skill:  : 
-------------------------
11.1.2021 08:14:32 || sql: SELECT * FROM taskboard.Skills WHERE skill='' : 
-------------------------
11.1.2021 08:14:32 || Rezultate la select skills: 0 : 
-------------------------
11.1.2021 08:14:32 || skill id: 0 : 
-------------------------
11.1.2021 08:14:32 || rol: Admin : 
-------------------------
11.1.2021 08:14:32 || rol: Admin : 
-------------------------
11.1.2021 08:14:55 || param: EditTaskName Aplicatie : 
-------------------------
11.1.2021 08:14:55 || param: EditSkill Php : 
-------------------------
11.1.2021 08:14:55 || param: EditSkillLevel Level 1 : 
-------------------------
11.1.2021 08:14:55 || param: EditDuration 1 : 
-------------------------
11.1.2021 08:14:55 || param: EditAssignedTo Sas Beatrice : 
-------------------------
11.1.2021 08:14:55 || param: EditStatus Done : 
-------------------------
11.1.2021 08:14:55 || param: EditTaskId 1 : 
-------------------------
11.1.2021 08:14:55 || select teammembers results: 1 : 
-------------------------
11.1.2021 08:14:55 || edit task role: Admin : 
-------------------------
11.1.2021 08:14:55 || status id: 3 : 
-------------------------
11.1.2021 08:14:55 || skill: Php : 
-------------------------
11.1.2021 08:14:55 || sql: SELECT * FROM taskboard.Skills WHERE skill='Php' : 
-------------------------
11.1.2021 08:14:55 || Rezultate la select skills: 1 : 
-------------------------
11.1.2021 08:14:55 || skill id: 1 : 
-------------------------
11.1.2021 08:14:55 || rol: Admin : 
-------------------------
11.1.2021 08:15:34 || rol: Operator : 
-------------------------
11.1.2021 08:16:31 || rol: Admin : 
-------------------------
11.1.2021 08:16:35 || rol: Admin : 
-------------------------
11.1.2021 08:17:25 || rol: Operator : 
-------------------------
11.1.2021 08:17:47 || rol: Admin : 
-------------------------
