26.1.2021 06:06:36 || rol: Admin : 
-------------------------
26.1.2021 06:06:36 || fa ceva : 
-------------------------
26.1.2021 06:07:00 || param: EditTaskName Board : 
-------------------------
26.1.2021 06:07:00 || param: EditSkill Php : 
-------------------------
26.1.2021 06:07:00 || param: EditSkillLevel Level 1 : 
-------------------------
26.1.2021 06:07:00 || param: EditDuration 4 : 
-------------------------
26.1.2021 06:07:00 || param: EditAssignedTo Sas Lorena : 
-------------------------
26.1.2021 06:07:00 || param: EditStatus Todo : 
-------------------------
26.1.2021 06:07:00 || param: EditProject Pro : 
-------------------------
26.1.2021 06:07:00 || param: EditTaskId 2 : 
-------------------------
26.1.2021 06:07:00 || select teammembers results: 1 : 
-------------------------
26.1.2021 06:07:00 || edit task role: Admin : 
-------------------------
26.1.2021 06:07:00 || id project: 1 : 
-------------------------
26.1.2021 06:07:00 || status id: 1 : 
-------------------------
26.1.2021 06:07:00 || skill: Php : 
-------------------------
26.1.2021 06:07:00 || sql: SELECT * FROM taskboard.Skills WHERE skill='Php' : 
-------------------------
26.1.2021 06:07:00 || Rezultate la select skills: 1 : 
-------------------------
26.1.2021 06:07:00 || skill id: 1 : 
-------------------------
26.1.2021 06:07:00 || modific: UPDATE Taskboard.Tasks SET task_name='Board',skill_required=1,level_required=1,duration=4,task_status=1,assigned_member=2,project=1 WHERE id=2 : 
-------------------------
26.1.2021 06:07:00 || task editing : 
-------------------------
26.1.2021 06:07:01 || rol: Admin : 
-------------------------
26.1.2021 06:07:01 || fa ceva : 
-------------------------
26.1.2021 06:07:08 || rol: Admin : 
-------------------------
26.1.2021 06:07:08 || fa ceva : 
-------------------------
26.1.2021 06:07:18 || param: EditTaskName Board : 
-------------------------
26.1.2021 06:07:18 || param: EditSkill Php : 
-------------------------
26.1.2021 06:07:18 || param: EditSkillLevel Level 1 : 
-------------------------
26.1.2021 06:07:18 || param: EditDuration 4 : 
-------------------------
26.1.2021 06:07:18 || param: EditAssignedTo Sas Lorena : 
-------------------------
26.1.2021 06:07:18 || param: EditStatus Todo : 
-------------------------
26.1.2021 06:07:18 || param: EditProject Software : 
-------------------------
26.1.2021 06:07:18 || param: EditTaskId 2 : 
-------------------------
26.1.2021 06:07:18 || select teammembers results: 1 : 
-------------------------
26.1.2021 06:07:18 || edit task role: Admin : 
-------------------------
26.1.2021 06:07:18 || id project: 3 : 
-------------------------
26.1.2021 06:07:18 || status id: 1 : 
-------------------------
26.1.2021 06:07:18 || skill: Php : 
-------------------------
26.1.2021 06:07:18 || sql: SELECT * FROM taskboard.Skills WHERE skill='Php' : 
-------------------------
26.1.2021 06:07:18 || Rezultate la select skills: 1 : 
-------------------------
26.1.2021 06:07:18 || skill id: 1 : 
-------------------------
26.1.2021 06:07:18 || modific: UPDATE Taskboard.Tasks SET task_name='Board',skill_required=1,level_required=1,duration=4,task_status=1,assigned_member=2,project=3 WHERE id=2 : 
-------------------------
26.1.2021 06:07:18 || task editing : 
-------------------------
26.1.2021 06:07:18 || rol: Admin : 
-------------------------
26.1.2021 06:07:18 || fa ceva : 
-------------------------
26.1.2021 06:07:40 || nume proj1nume: Pro : 
-------------------------
26.1.2021 06:07:40 || param: TaskName TaskBoard2 : 
-------------------------
26.1.2021 06:07:40 || param: Skill C : 
-------------------------
26.1.2021 06:07:40 || param: SkillLevel Level 4 : 
-------------------------
26.1.2021 06:07:40 || param: Duration 12 : 
-------------------------
26.1.2021 06:07:40 || param: AssignedTo Sas Beatrice : 
-------------------------
26.1.2021 06:07:40 || param: Status Todo : 
-------------------------
26.1.2021 06:07:40 || param: Project Pro : 
-------------------------
26.1.2021 06:07:40 || select teammembers results: 1 : 
-------------------------
26.1.2021 06:07:40 || edit task role: Admin : 
-------------------------
26.1.2021 06:07:40 || status id: 0 : 
-------------------------
26.1.2021 06:07:40 || skill:  : 
-------------------------
26.1.2021 06:07:40 || sql: SELECT * FROM taskboard.Skills WHERE skill='' : 
-------------------------
26.1.2021 06:07:40 || Rezultate la select skills: 0 : 
-------------------------
26.1.2021 06:07:40 || skill id: 0 : 
-------------------------
26.1.2021 06:07:40 || rol: Admin : 
-------------------------
26.1.2021 06:07:40 || fa ceva : 
-------------------------
