23.1.2021 06:22:19 || rol: Admin : 
-------------------------
23.1.2021 06:22:19 || fa ceva : 
-------------------------
23.1.2021 06:22:28 || param: EditTaskName Aplicatie : 
-------------------------
23.1.2021 06:22:28 || param: EditSkill C++ : 
-------------------------
23.1.2021 06:22:28 || param: EditSkillLevel Level 1 : 
-------------------------
23.1.2021 06:22:28 || param: EditDuration 1 : 
-------------------------
23.1.2021 06:22:28 || param: EditAssignedTo Sas Beatrice : 
-------------------------
23.1.2021 06:22:28 || param: EditStatus Done : 
-------------------------
23.1.2021 06:22:28 || param: EditProject Pro : 
-------------------------
23.1.2021 06:22:28 || param: EditTaskId 3 : 
-------------------------
23.1.2021 06:22:28 || select teammembers results: 1 : 
-------------------------
23.1.2021 06:22:28 || edit task role: Admin : 
-------------------------
23.1.2021 06:22:28 || id project: 1 : 
-------------------------
23.1.2021 06:22:28 || status id: 3 : 
-------------------------
23.1.2021 06:22:28 || skill: C++ : 
-------------------------
23.1.2021 06:22:28 || sql: SELECT * FROM taskboard.Skills WHERE skill='C++' : 
-------------------------
23.1.2021 06:22:28 || Rezultate la select skills: 1 : 
-------------------------
23.1.2021 06:22:28 || skill id: 4 : 
-------------------------
23.1.2021 06:22:28 || task editing : 
-------------------------
23.1.2021 06:22:28 || rol: Admin : 
-------------------------
23.1.2021 06:22:28 || fa ceva : 
-------------------------
23.1.2021 06:24:59 || rol: Admin : 
-------------------------
23.1.2021 06:24:59 || fa ceva : 
-------------------------
23.1.2021 06:25:09 || param: EditTaskName Aplicatie : 
-------------------------
23.1.2021 06:25:09 || param: EditSkill HTML : 
-------------------------
23.1.2021 06:25:09 || param: EditSkillLevel Level 1 : 
-------------------------
23.1.2021 06:25:09 || param: EditDuration 1 : 
-------------------------
23.1.2021 06:25:09 || param: EditAssignedTo Sas Beatrice : 
-------------------------
23.1.2021 06:25:09 || param: EditStatus Done : 
-------------------------
23.1.2021 06:25:09 || param: EditProject Pro : 
-------------------------
23.1.2021 06:25:09 || param: EditTaskId 3 : 
-------------------------
23.1.2021 06:25:09 || select teammembers results: 1 : 
-------------------------
23.1.2021 06:25:09 || edit task role: Admin : 
-------------------------
23.1.2021 06:25:09 || id project: 1 : 
-------------------------
23.1.2021 06:25:09 || status id: 3 : 
-------------------------
23.1.2021 06:25:09 || skill: HTML : 
-------------------------
23.1.2021 06:25:09 || sql: SELECT * FROM taskboard.Skills WHERE skill='HTML' : 
-------------------------
23.1.2021 06:25:09 || Rezultate la select skills: 1 : 
-------------------------
23.1.2021 06:25:09 || skill id: 2 : 
-------------------------
23.1.2021 06:25:09 || modific: UPDATE Taskboard.Tasks SET task_name='Aplicatie',skill_required=2,level_required=1,duration=1,task_status=3,assigned_member=1,project=1 WHERE id=3 : 
-------------------------
23.1.2021 06:25:09 || task editing : 
-------------------------
23.1.2021 06:25:09 || rol: Admin : 
-------------------------
23.1.2021 06:25:09 || fa ceva : 
-------------------------
23.1.2021 06:26:56 || rol: Admin : 
-------------------------
23.1.2021 06:26:56 || fa ceva : 
-------------------------
23.1.2021 06:27:45 || nume proj1nume: Software : 
-------------------------
23.1.2021 06:27:45 || param: TaskName Aplication : 
-------------------------
23.1.2021 06:27:45 || param: Skill Php : 
-------------------------
23.1.2021 06:27:45 || param: SkillLevel Level 1 : 
-------------------------
23.1.2021 06:27:45 || param: Duration 1 : 
-------------------------
23.1.2021 06:27:45 || param: AssignedTo Sas Beatrice : 
-------------------------
23.1.2021 06:27:45 || param: Status Todo : 
-------------------------
23.1.2021 06:27:45 || param: Project Software : 
-------------------------
23.1.2021 06:27:46 || select teammembers results: 1 : 
-------------------------
23.1.2021 06:27:46 || edit task role: Admin : 
-------------------------
23.1.2021 06:27:46 || status id: 0 : 
-------------------------
23.1.2021 06:27:46 || skill:  : 
-------------------------
23.1.2021 06:27:46 || sql: SELECT * FROM taskboard.Skills WHERE skill='' : 
-------------------------
23.1.2021 06:27:46 || Rezultate la select skills: 0 : 
-------------------------
23.1.2021 06:27:46 || skill id: 0 : 
-------------------------
23.1.2021 06:27:46 || rol: Admin : 
-------------------------
23.1.2021 06:27:46 || fa ceva : 
-------------------------
23.1.2021 06:28:00 || param: EditTaskName Aplication : 
-------------------------
23.1.2021 06:28:00 || param: EditSkill C++ : 
-------------------------
23.1.2021 06:28:00 || param: EditSkillLevel Level 1 : 
-------------------------
23.1.2021 06:28:00 || param: EditDuration 1 : 
-------------------------
23.1.2021 06:28:00 || param: EditAssignedTo Sas Beatrice : 
-------------------------
23.1.2021 06:28:00 || param: EditStatus Todo : 
-------------------------
23.1.2021 06:28:00 || param: EditProject Pro : 
-------------------------
23.1.2021 06:28:00 || param: EditTaskId 3 : 
-------------------------
23.1.2021 06:28:00 || select teammembers results: 1 : 
-------------------------
23.1.2021 06:28:00 || edit task role: Admin : 
-------------------------
23.1.2021 06:28:00 || id project: 1 : 
-------------------------
23.1.2021 06:28:00 || status id: 1 : 
-------------------------
23.1.2021 06:28:00 || skill: C++ : 
-------------------------
23.1.2021 06:28:00 || sql: SELECT * FROM taskboard.Skills WHERE skill='C++' : 
-------------------------
23.1.2021 06:28:00 || Rezultate la select skills: 1 : 
-------------------------
23.1.2021 06:28:00 || skill id: 4 : 
-------------------------
23.1.2021 06:28:00 || modific: UPDATE Taskboard.Tasks SET task_name='Aplication',skill_required=4,level_required=1,duration=1,task_status=1,assigned_member=1,project=1 WHERE id=3 : 
-------------------------
23.1.2021 06:28:00 || task editing : 
-------------------------
23.1.2021 06:28:00 || rol: Admin : 
-------------------------
23.1.2021 06:28:00 || fa ceva : 
-------------------------
23.1.2021 06:28:36 || rol: Admin : 
-------------------------
23.1.2021 06:28:36 || fa ceva : 
-------------------------
23.1.2021 06:28:44 || param: EditTaskName Aplication : 
-------------------------
23.1.2021 06:28:44 || param: EditSkill Phyton : 
-------------------------
23.1.2021 06:28:44 || param: EditSkillLevel Level 1 : 
-------------------------
23.1.2021 06:28:44 || param: EditDuration 1 : 
-------------------------
23.1.2021 06:28:44 || param: EditAssignedTo Sas Beatrice : 
-------------------------
23.1.2021 06:28:44 || param: EditStatus Todo : 
-------------------------
23.1.2021 06:28:44 || param: EditProject Pro : 
-------------------------
23.1.2021 06:28:44 || param: EditTaskId 3 : 
-------------------------
23.1.2021 06:28:44 || select teammembers results: 1 : 
-------------------------
23.1.2021 06:28:44 || edit task role: Admin : 
-------------------------
23.1.2021 06:28:44 || id project: 1 : 
-------------------------
23.1.2021 06:28:44 || status id: 1 : 
-------------------------
23.1.2021 06:28:44 || skill: Phyton : 
-------------------------
23.1.2021 06:28:44 || sql: SELECT * FROM taskboard.Skills WHERE skill='Phyton' : 
-------------------------
23.1.2021 06:28:44 || Rezultate la select skills: 1 : 
-------------------------
23.1.2021 06:28:44 || skill id: 3 : 
-------------------------
23.1.2021 06:28:44 || modific: UPDATE Taskboard.Tasks SET task_name='Aplication',skill_required=3,level_required=1,duration=1,task_status=1,assigned_member=1 WHERE id=3 : 
-------------------------
23.1.2021 06:28:44 || task editing : 
-------------------------
23.1.2021 06:28:44 || rol: Admin : 
-------------------------
23.1.2021 06:28:44 || fa ceva : 
-------------------------
23.1.2021 06:31:33 || rol: Admin : 
-------------------------
23.1.2021 06:31:33 || fa ceva : 
-------------------------
23.1.2021 06:31:42 || param: EditTaskName Aplications : 
-------------------------
23.1.2021 06:31:42 || param: EditSkill Php : 
-------------------------
23.1.2021 06:31:42 || param: EditSkillLevel Level 1 : 
-------------------------
23.1.2021 06:31:42 || param: EditDuration 1 : 
-------------------------
23.1.2021 06:31:42 || param: EditAssignedTo Sas Beatrice : 
-------------------------
23.1.2021 06:31:42 || param: EditStatus Todo : 
-------------------------
23.1.2021 06:31:42 || param: EditProject Pro : 
-------------------------
23.1.2021 06:31:42 || param: EditTaskId 3 : 
-------------------------
23.1.2021 06:31:42 || select teammembers results: 1 : 
-------------------------
23.1.2021 06:31:42 || edit task role: Admin : 
-------------------------
23.1.2021 06:31:42 || id project: 1 : 
-------------------------
23.1.2021 06:31:42 || status id: 1 : 
-------------------------
23.1.2021 06:31:42 || skill: Php : 
-------------------------
23.1.2021 06:31:42 || sql: SELECT * FROM taskboard.Skills WHERE skill='Php' : 
-------------------------
23.1.2021 06:31:42 || Rezultate la select skills: 1 : 
-------------------------
23.1.2021 06:31:42 || skill id: 1 : 
-------------------------
23.1.2021 06:31:42 || modific: UPDATE taskboard.Tasks SET task_name='Aplications' WHERE id=3 : 
-------------------------
23.1.2021 06:31:42 || task editing : 
-------------------------
23.1.2021 06:31:43 || rol: Admin : 
-------------------------
23.1.2021 06:31:43 || fa ceva : 
-------------------------
23.1.2021 06:36:41 || rol: Admin : 
-------------------------
23.1.2021 06:36:42 || fa ceva : 
-------------------------
23.1.2021 06:40:10 || rol: Admin : 
-------------------------
23.1.2021 06:40:10 || fa ceva : 
-------------------------
23.1.2021 06:40:15 || rol: Admin : 
-------------------------
23.1.2021 06:40:15 || fa ceva : 
-------------------------
23.1.2021 06:40:23 || param: EditTaskName Aplications : 
-------------------------
23.1.2021 06:40:23 || param: EditSkill Php : 
-------------------------
23.1.2021 06:40:23 || param: EditSkillLevel Level 1 : 
-------------------------
23.1.2021 06:40:23 || param: EditDuration 1 : 
-------------------------
23.1.2021 06:40:23 || param: EditAssignedTo Sas Beatrice : 
-------------------------
23.1.2021 06:40:23 || param: EditStatus Todo : 
-------------------------
23.1.2021 06:40:23 || param: EditProject Pro : 
-------------------------
23.1.2021 06:40:23 || param: EditTaskId 1 : 
-------------------------
23.1.2021 06:40:23 || select teammembers results: 1 : 
-------------------------
23.1.2021 06:40:23 || edit task role: Admin : 
-------------------------
23.1.2021 06:40:23 || id project: 1 : 
-------------------------
23.1.2021 06:40:23 || status id: 1 : 
-------------------------
23.1.2021 06:40:23 || skill: Php : 
-------------------------
23.1.2021 06:40:23 || sql: SELECT * FROM taskboard.Skills WHERE skill='Php' : 
-------------------------
23.1.2021 06:40:23 || Rezultate la select skills: 1 : 
-------------------------
23.1.2021 06:40:23 || skill id: 1 : 
-------------------------
23.1.2021 06:40:23 || modific: UPDATE taskboard.Tasks SET task_name='Aplications' WHERE id=1 : 
-------------------------
23.1.2021 06:40:23 || task editing : 
-------------------------
23.1.2021 06:40:23 || rol: Admin : 
-------------------------
23.1.2021 06:40:23 || fa ceva : 
-------------------------
23.1.2021 06:41:04 || rol: Admin : 
-------------------------
23.1.2021 06:41:04 || fa ceva : 
-------------------------
23.1.2021 06:41:12 || param: EditTaskName Aplications : 
-------------------------
23.1.2021 06:41:12 || param: EditSkill Php : 
-------------------------
23.1.2021 06:41:12 || param: EditSkillLevel Level 1 : 
-------------------------
23.1.2021 06:41:12 || param: EditDuration 1 : 
-------------------------
23.1.2021 06:41:12 || param: EditAssignedTo Sas Beatrice : 
-------------------------
23.1.2021 06:41:12 || param: EditStatus Todo : 
-------------------------
23.1.2021 06:41:12 || param: EditProject Pro : 
-------------------------
23.1.2021 06:41:12 || param: EditTaskId 1 : 
-------------------------
23.1.2021 06:41:12 || select teammembers results: 1 : 
-------------------------
23.1.2021 06:41:12 || edit task role: Admin : 
-------------------------
23.1.2021 06:41:12 || id project: 1 : 
-------------------------
23.1.2021 06:41:12 || status id: 1 : 
-------------------------
23.1.2021 06:41:12 || skill: Php : 
-------------------------
23.1.2021 06:41:12 || sql: SELECT * FROM taskboard.Skills WHERE skill='Php' : 
-------------------------
23.1.2021 06:41:12 || Rezultate la select skills: 1 : 
-------------------------
23.1.2021 06:41:12 || skill id: 1 : 
-------------------------
23.1.2021 06:41:12 || modific: UPDATE Taskboard.Tasks SET task_name='Aplications',skill_required=1,level_required=1,duration=1,task_status=1,assigned_member=1,project=1 WHERE id=1 : 
-------------------------
23.1.2021 06:41:12 || task editing : 
-------------------------
23.1.2021 06:41:12 || rol: Admin : 
-------------------------
23.1.2021 06:41:12 || fa ceva : 
-------------------------
23.1.2021 06:41:32 || nume proj1nume: Software : 
-------------------------
23.1.2021 06:41:32 || param: TaskName Board : 
-------------------------
23.1.2021 06:41:32 || param: Skill Php : 
-------------------------
23.1.2021 06:41:32 || param: SkillLevel Level 1 : 
-------------------------
23.1.2021 06:41:32 || param: Duration 4 : 
-------------------------
23.1.2021 06:41:32 || param: AssignedTo Sas Beatrice : 
-------------------------
23.1.2021 06:41:32 || param: Status Todo : 
-------------------------
23.1.2021 06:41:32 || param: Project Software : 
-------------------------
23.1.2021 06:41:33 || select teammembers results: 1 : 
-------------------------
23.1.2021 06:41:33 || edit task role: Admin : 
-------------------------
23.1.2021 06:41:33 || status id: 0 : 
-------------------------
23.1.2021 06:41:33 || skill:  : 
-------------------------
23.1.2021 06:41:33 || sql: SELECT * FROM taskboard.Skills WHERE skill='' : 
-------------------------
23.1.2021 06:41:33 || Rezultate la select skills: 0 : 
-------------------------
23.1.2021 06:41:33 || skill id: 0 : 
-------------------------
23.1.2021 06:41:33 || rol: Admin : 
-------------------------
23.1.2021 06:41:33 || fa ceva : 
-------------------------
23.1.2021 06:41:38 || rol: Admin : 
-------------------------
23.1.2021 06:41:38 || fa ceva : 
-------------------------
23.1.2021 06:43:20 || rol: Admin : 
-------------------------
23.1.2021 06:43:20 || fa ceva : 
-------------------------
23.1.2021 06:43:28 || rol: Admin : 
-------------------------
23.1.2021 06:43:28 || fa ceva : 
-------------------------
23.1.2021 06:45:14 || rol: Admin : 
-------------------------
23.1.2021 06:45:15 || fa ceva : 
-------------------------
23.1.2021 06:45:21 || rol: Admin : 
-------------------------
23.1.2021 06:45:21 || fa ceva : 
-------------------------
23.1.2021 06:54:17 || param: EditTaskName Board : 
-------------------------
23.1.2021 06:54:17 || param: EditSkill Php : 
-------------------------
23.1.2021 06:54:17 || param: EditSkillLevel Level 1 : 
-------------------------
23.1.2021 06:54:17 || param: EditDuration 4 : 
-------------------------
23.1.2021 06:54:17 || param: EditAssignedTo Sas Beatrice : 
-------------------------
23.1.2021 06:54:17 || param: EditStatus Todo : 
-------------------------
23.1.2021 06:54:17 || param: EditProject Pro : 
-------------------------
23.1.2021 06:54:17 || param: EditTaskId 2 : 
-------------------------
23.1.2021 06:54:17 || select teammembers results: 1 : 
-------------------------
23.1.2021 06:54:17 || edit task role: Admin : 
-------------------------
23.1.2021 06:54:17 || id project: 1 : 
-------------------------
23.1.2021 06:54:17 || status id: 1 : 
-------------------------
23.1.2021 06:54:17 || skill: Php : 
-------------------------
23.1.2021 06:54:17 || sql: SELECT * FROM taskboard.Skills WHERE skill='Php' : 
-------------------------
23.1.2021 06:54:17 || Rezultate la select skills: 1 : 
-------------------------
23.1.2021 06:54:17 || skill id: 1 : 
-------------------------
23.1.2021 06:54:17 || modific: UPDATE Taskboard.Tasks SET task_name='Board',skill_required=1,level_required=1,duration=4,task_status=1,assigned_member=1,project=1 WHERE id=2 : 
-------------------------
23.1.2021 06:54:17 || task editing : 
-------------------------
23.1.2021 06:54:17 || rol: Admin : 
-------------------------
23.1.2021 06:54:17 || fa ceva : 
-------------------------
23.1.2021 06:54:37 || param: EditTaskName Board : 
-------------------------
23.1.2021 06:54:37 || param: EditSkill Php : 
-------------------------
23.1.2021 06:54:37 || param: EditSkillLevel Level 1 : 
-------------------------
23.1.2021 06:54:37 || param: EditDuration 4 : 
-------------------------
23.1.2021 06:54:37 || param: EditAssignedTo Sas Beatrice : 
-------------------------
23.1.2021 06:54:37 || param: EditStatus Todo : 
-------------------------
23.1.2021 06:54:37 || param: EditProject Software : 
-------------------------
23.1.2021 06:54:37 || param: EditTaskId 2 : 
-------------------------
23.1.2021 06:54:37 || select teammembers results: 1 : 
-------------------------
23.1.2021 06:54:37 || edit task role: Admin : 
-------------------------
23.1.2021 06:54:37 || id project: 3 : 
-------------------------
23.1.2021 06:54:37 || status id: 1 : 
-------------------------
23.1.2021 06:54:37 || skill: Php : 
-------------------------
23.1.2021 06:54:37 || sql: SELECT * FROM taskboard.Skills WHERE skill='Php' : 
-------------------------
23.1.2021 06:54:37 || Rezultate la select skills: 1 : 
-------------------------
23.1.2021 06:54:37 || skill id: 1 : 
-------------------------
23.1.2021 06:54:37 || modific: UPDATE Taskboard.Tasks SET task_name='Board',skill_required=1,level_required=1,duration=4,task_status=1,assigned_member=1,project=3 WHERE id=2 : 
-------------------------
23.1.2021 06:54:37 || task editing : 
-------------------------
23.1.2021 06:54:37 || rol: Admin : 
-------------------------
23.1.2021 06:54:37 || fa ceva : 
-------------------------
23.1.2021 06:56:02 || rol: Admin : 
-------------------------
23.1.2021 06:56:02 || fa ceva : 
-------------------------
