5.3.2021 06:32:14 || user- users.php : 
-------------------------
5.3.2021 06:32:14 || user - all skills: Python : 
-------------------------
5.3.2021 06:32:14 || user - all skills: Python : 
-------------------------
5.3.2021 06:32:14 || user - all skills: C++ : 
-------------------------
5.3.2021 06:32:14 || user - all skills: Pascal : 
-------------------------
5.3.2021 06:32:26 || user- users.php : 
-------------------------
5.3.2021 06:32:26 || user - all skills: Python : 
-------------------------
5.3.2021 06:32:26 || user - all skills: Python : 
-------------------------
5.3.2021 06:32:26 || user - all skills: C++ : 
-------------------------
5.3.2021 06:32:26 || user - all skills: Pascal : 
-------------------------
5.3.2021 06:32:34 || user- users.php : 
-------------------------
5.3.2021 06:32:34 || user - all skills: Python : 
-------------------------
5.3.2021 06:32:34 || user - all skills: Python : 
-------------------------
5.3.2021 06:32:34 || user - all skills: C++ : 
-------------------------
5.3.2021 06:32:34 || user - all skills: Pascal : 
-------------------------
5.3.2021 06:32:43 || user- users.php : 
-------------------------
5.3.2021 06:32:43 || user - all skills: Python : 
-------------------------
5.3.2021 06:32:43 || user - all skills: Python : 
-------------------------
5.3.2021 06:32:43 || user - all skills: C++ : 
-------------------------
5.3.2021 06:32:43 || user - all skills: Pascal : 
-------------------------
5.3.2021 06:32:53 || user- users.php : 
-------------------------
5.3.2021 06:32:53 || user - all skills: Python : 
-------------------------
5.3.2021 06:32:53 || user - all skills: Python : 
-------------------------
5.3.2021 06:32:53 || user - all skills: C++ : 
-------------------------
5.3.2021 06:32:53 || user - all skills: Pascal : 
-------------------------
5.3.2021 06:32:56 || user- users.php : 
-------------------------
5.3.2021 06:32:56 || user - all skills: Python : 
-------------------------
5.3.2021 06:32:56 || user - all skills: Python : 
-------------------------
5.3.2021 06:32:56 || user - all skills: C++ : 
-------------------------
5.3.2021 06:32:56 || user - all skills: Pascal : 
-------------------------
5.3.2021 06:36:35 || user- users.php : 
-------------------------
5.3.2021 06:36:35 || user - all skills: Python : 
-------------------------
5.3.2021 06:36:35 || user - all skills: Python : 
-------------------------
5.3.2021 06:36:35 || user - all skills: C++ : 
-------------------------
5.3.2021 06:36:35 || user - all skills: Pascal : 
-------------------------
5.3.2021 06:36:54 || user- users.php : 
-------------------------
5.3.2021 06:36:56 || user - all skills: Python : 
-------------------------
5.3.2021 06:36:56 || user - all skills: Python : 
-------------------------
5.3.2021 06:36:56 || user - all skills: C++ : 
-------------------------
5.3.2021 06:36:56 || user - all skills: Pascal : 
-------------------------
5.3.2021 06:37:12 || user- users.php : 
-------------------------
5.3.2021 06:37:12 || user - all skills: Python : 
-------------------------
5.3.2021 06:37:12 || user - all skills: Python : 
-------------------------
5.3.2021 06:37:12 || user - all skills: C++ : 
-------------------------
5.3.2021 06:37:12 || user - all skills: Pascal : 
-------------------------
5.3.2021 05:41:08 || user- users.php : 
-------------------------
5.3.2021 05:41:08 || user - all skills: Python : 
-------------------------
5.3.2021 05:41:08 || user - all skills: Python : 
-------------------------
5.3.2021 05:41:08 || user - all skills: C++ : 
-------------------------
5.3.2021 05:41:08 || user - all skills: Pascal : 
-------------------------
5.3.2021 05:44:00 || user- users.php : 
-------------------------
5.3.2021 05:44:00 || user - all skills: Python : 
-------------------------
5.3.2021 05:44:00 || user - all skills: Python : 
-------------------------
5.3.2021 05:44:00 || user - all skills: C++ : 
-------------------------
5.3.2021 05:44:00 || user - all skills: Pascal : 
-------------------------
5.3.2021 05:49:19 || user- users.php : 
-------------------------
5.3.2021 05:49:19 || user - all skills: Python : 
-------------------------
5.3.2021 05:49:19 || user - all skills: Python : 
-------------------------
5.3.2021 05:49:19 || user - all skills: C++ : 
-------------------------
5.3.2021 05:49:19 || user - all skills: Pascal : 
-------------------------
5.3.2021 05:50:06 || user- users.php : 
-------------------------
5.3.2021 05:50:06 || user - all skills: Python : 
-------------------------
5.3.2021 05:50:06 || user - all skills: Python : 
-------------------------
5.3.2021 05:50:06 || user - all skills: C++ : 
-------------------------
5.3.2021 05:50:06 || user - all skills: Pascal : 
-------------------------
5.3.2021 05:50:16 || user- users.php : 
-------------------------
5.3.2021 05:50:16 || user - all skills: Python : 
-------------------------
5.3.2021 05:50:16 || user - all skills: Python : 
-------------------------
5.3.2021 05:50:16 || user - all skills: C++ : 
-------------------------
5.3.2021 05:50:17 || user - all skills: Pascal : 
-------------------------
5.3.2021 05:50:31 || user- users.php : 
-------------------------
5.3.2021 05:50:31 || user - all skills: Python : 
-------------------------
5.3.2021 05:50:31 || user - all skills: Python : 
-------------------------
5.3.2021 05:50:31 || user - all skills: C++ : 
-------------------------
5.3.2021 05:50:31 || user - all skills: Pascal : 
-------------------------
5.3.2021 05:52:17 || user- users.php : 
-------------------------
5.3.2021 05:52:17 || user - all skills: Python : 
-------------------------
5.3.2021 05:52:17 || user - all skills: Python : 
-------------------------
5.3.2021 05:52:17 || user - all skills: C++ : 
-------------------------
5.3.2021 05:52:17 || user - all skills: Pascal : 
-------------------------
5.3.2021 05:52:41 || user- users.php : 
-------------------------
5.3.2021 05:52:41 || user - all skills: Python : 
-------------------------
5.3.2021 05:52:41 || user - all skills: Python : 
-------------------------
5.3.2021 05:52:41 || user - all skills: C++ : 
-------------------------
5.3.2021 05:52:41 || user - all skills: Pascal : 
-------------------------
5.3.2021 05:53:02 || user- users.php : 
-------------------------
5.3.2021 05:53:02 || user - all skills: Python : 
-------------------------
5.3.2021 05:53:02 || user - all skills: Python : 
-------------------------
5.3.2021 05:53:02 || user - all skills: C++ : 
-------------------------
5.3.2021 05:53:02 || user - all skills: Pascal : 
-------------------------
5.3.2021 05:53:29 || user- users.php : 
-------------------------
5.3.2021 05:53:29 || user - all skills: Python : 
-------------------------
5.3.2021 05:53:29 || user - all skills: Python : 
-------------------------
5.3.2021 05:53:29 || user - all skills: C++ : 
-------------------------
5.3.2021 05:53:29 || user - all skills: Pascal : 
-------------------------
5.3.2021 05:54:17 || user- users.php : 
-------------------------
5.3.2021 05:54:17 || user - all skills: Python : 
-------------------------
5.3.2021 05:54:17 || user - all skills: Python : 
-------------------------
5.3.2021 05:54:17 || user - all skills: C++ : 
-------------------------
5.3.2021 05:54:17 || user - all skills: Pascal : 
-------------------------
5.3.2021 05:54:51 || user- users.php : 
-------------------------
5.3.2021 05:54:51 || user - all skills: Python : 
-------------------------
5.3.2021 05:54:51 || user - all skills: Python : 
-------------------------
5.3.2021 05:54:51 || user - all skills: C++ : 
-------------------------
5.3.2021 05:54:51 || user - all skills: Pascal : 
-------------------------
5.3.2021 05:55:23 || user- users.php : 
-------------------------
5.3.2021 05:55:23 || user - all skills: Python : 
-------------------------
5.3.2021 05:55:23 || user - all skills: Python : 
-------------------------
5.3.2021 05:55:23 || user - all skills: C++ : 
-------------------------
5.3.2021 05:55:23 || user - all skills: Pascal : 
-------------------------
5.3.2021 05:58:04 || user- users.php : 
-------------------------
5.3.2021 05:58:04 || user - all skills: Python : 
-------------------------
5.3.2021 05:58:04 || user - all skills: Python : 
-------------------------
5.3.2021 05:58:04 || user - all skills: C++ : 
-------------------------
5.3.2021 05:58:04 || user - all skills: Pascal : 
-------------------------
5.3.2021 06:00:55 || user- users.php : 
-------------------------
5.3.2021 06:00:55 || user - all skills: Python : 
-------------------------
5.3.2021 06:00:55 || user - all skills: Python : 
-------------------------
5.3.2021 06:00:55 || user - all skills: C++ : 
-------------------------
5.3.2021 06:00:55 || user - all skills: Pascal : 
-------------------------
5.3.2021 06:01:42 || user- users.php : 
-------------------------
5.3.2021 06:01:42 || user - all skills: Python : 
-------------------------
5.3.2021 06:01:42 || user - all skills: Python : 
-------------------------
5.3.2021 06:01:42 || user - all skills: C++ : 
-------------------------
5.3.2021 06:01:42 || user - all skills: Pascal : 
-------------------------
5.3.2021 06:03:57 || user- users.php : 
-------------------------
5.3.2021 06:03:57 || user - all skills: Python : 
-------------------------
5.3.2021 06:03:57 || user - all skills: Python : 
-------------------------
5.3.2021 06:03:57 || user - all skills: C++ : 
-------------------------
5.3.2021 06:03:57 || user - all skills: Pascal : 
-------------------------
5.3.2021 06:10:05 || user- users.php : 
-------------------------
5.3.2021 06:10:05 || user - all skills: Python : 
-------------------------
5.3.2021 06:10:05 || user - all skills: Python : 
-------------------------
5.3.2021 06:10:05 || user - all skills: C++ : 
-------------------------
5.3.2021 06:10:05 || user - all skills: Pascal : 
-------------------------
5.3.2021 06:21:58 || user- users.php : 
-------------------------
5.3.2021 06:21:58 || user - all skills: Python : 
-------------------------
5.3.2021 06:21:58 || user - all skills: Python : 
-------------------------
5.3.2021 06:21:58 || user - all skills: C++ : 
-------------------------
5.3.2021 06:21:58 || user - all skills: Pascal : 
-------------------------
5.3.2021 06:29:34 || user- users.php : 
-------------------------
5.3.2021 06:29:34 || user - all skills: Python : 
-------------------------
5.3.2021 06:29:34 || user - all skills: Python : 
-------------------------
5.3.2021 06:29:34 || user - all skills: C++ : 
-------------------------
5.3.2021 06:29:34 || user - all skills: Pascal : 
-------------------------
5.3.2021 06:42:17 || user- users.php : 
-------------------------
5.3.2021 06:42:17 || user - all skills: Python : 
-------------------------
5.3.2021 06:42:17 || user - all skills: Python : 
-------------------------
5.3.2021 06:42:17 || user - all skills: C++ : 
-------------------------
5.3.2021 06:42:17 || user - all skills: Pascal : 
-------------------------
5.3.2021 06:42:35 || user- users.php : 
-------------------------
5.3.2021 06:42:35 || user - all skills: Python : 
-------------------------
5.3.2021 06:42:35 || user - all skills: Python : 
-------------------------
5.3.2021 06:42:35 || user - all skills: C++ : 
-------------------------
5.3.2021 06:42:35 || user - all skills: Pascal : 
-------------------------
5.3.2021 06:45:16 || user- users.php : 
-------------------------
5.3.2021 06:45:16 || user - all skills: Python : 
-------------------------
5.3.2021 06:45:16 || user - all skills: Python : 
-------------------------
5.3.2021 06:45:16 || user - all skills: C++ : 
-------------------------
5.3.2021 06:45:16 || user - all skills: Pascal : 
-------------------------
5.3.2021 06:46:10 || user- users.php : 
-------------------------
5.3.2021 06:46:10 || user - all skills: Python : 
-------------------------
5.3.2021 06:46:10 || user - all skills: Python : 
-------------------------
5.3.2021 06:46:10 || user - all skills: C++ : 
-------------------------
5.3.2021 06:46:10 || user - all skills: Pascal : 
-------------------------
5.3.2021 06:46:40 || user- users.php : 
-------------------------
5.3.2021 06:46:40 || user - all skills: Python : 
-------------------------
5.3.2021 06:46:40 || user - all skills: Python : 
-------------------------
5.3.2021 06:46:40 || user - all skills: C++ : 
-------------------------
5.3.2021 06:46:40 || user - all skills: Pascal : 
-------------------------
5.3.2021 06:46:50 || user- users.php : 
-------------------------
5.3.2021 06:46:51 || user - all skills: Python : 
-------------------------
5.3.2021 06:46:51 || user - all skills: Python : 
-------------------------
5.3.2021 06:46:51 || user - all skills: C++ : 
-------------------------
5.3.2021 06:46:51 || user - all skills: Pascal : 
-------------------------
5.3.2021 06:47:00 || user- users.php : 
-------------------------
5.3.2021 06:47:00 || user - all skills: Python : 
-------------------------
5.3.2021 06:47:00 || user - all skills: Python : 
-------------------------
5.3.2021 06:47:00 || user - all skills: C++ : 
-------------------------
5.3.2021 06:47:00 || user - all skills: Pascal : 
-------------------------
5.3.2021 07:01:37 || echo users : 
-------------------------
5.3.2021 07:01:44 || echo users : 
-------------------------
