4.3.2021 05:50:47 || user- users.php : 
-------------------------
4.3.2021 05:50:47 || user - all skills: Python : 
-------------------------
4.3.2021 05:50:47 || user - all skills: Python : 
-------------------------
4.3.2021 05:50:47 || user - all skills: C++ : 
-------------------------
4.3.2021 05:50:47 || user - all skills: Pascal : 
-------------------------
4.3.2021 05:51:02 || user- users.php : 
-------------------------
4.3.2021 05:51:02 || user - all skills: Python : 
-------------------------
4.3.2021 05:51:02 || user - all skills: Python : 
-------------------------
4.3.2021 05:51:02 || user - all skills: C++ : 
-------------------------
4.3.2021 05:51:02 || user - all skills: Pascal : 
-------------------------
4.3.2021 05:51:30 || user- users.php : 
-------------------------
4.3.2021 05:51:30 || user - all skills: Python : 
-------------------------
4.3.2021 05:51:30 || user - all skills: Python : 
-------------------------
4.3.2021 05:51:30 || user - all skills: C++ : 
-------------------------
4.3.2021 05:51:30 || user - all skills: Pascal : 
-------------------------
4.3.2021 05:51:37 || user- users.php : 
-------------------------
4.3.2021 05:51:37 || user - all skills: Python : 
-------------------------
4.3.2021 05:51:37 || user - all skills: Python : 
-------------------------
4.3.2021 05:51:37 || user - all skills: C++ : 
-------------------------
4.3.2021 05:51:37 || user - all skills: Pascal : 
-------------------------
4.3.2021 05:51:50 || user- users.php : 
-------------------------
4.3.2021 05:51:50 || user - all skills: Python : 
-------------------------
4.3.2021 05:51:50 || user - all skills: Python : 
-------------------------
4.3.2021 05:51:50 || user - all skills: C++ : 
-------------------------
4.3.2021 05:51:50 || user - all skills: Pascal : 
-------------------------
4.3.2021 05:52:11 || user- users.php : 
-------------------------
4.3.2021 05:52:11 || user - all skills: Python : 
-------------------------
4.3.2021 05:52:11 || user - all skills: Python : 
-------------------------
4.3.2021 05:52:11 || user - all skills: C++ : 
-------------------------
4.3.2021 05:52:11 || user - all skills: Pascal : 
-------------------------
