3.3.2021 03:22:53 || user- users.php : 
-------------------------
3.3.2021 03:22:53 || user - all skills: Python : 
-------------------------
3.3.2021 03:22:53 || user - all skills: Python : 
-------------------------
3.3.2021 03:22:53 || user - all skills: C++ : 
-------------------------
3.3.2021 03:22:53 || user - all skills: Pascal : 
-------------------------
3.3.2021 03:23:16 || user- users.php : 
-------------------------
3.3.2021 03:23:16 || user - all skills: Python : 
-------------------------
3.3.2021 03:23:16 || user - all skills: Python : 
-------------------------
3.3.2021 03:23:16 || user - all skills: C++ : 
-------------------------
3.3.2021 03:23:16 || user - all skills: Pascal : 
-------------------------
3.3.2021 03:23:21 || user- users.php : 
-------------------------
3.3.2021 03:23:21 || user - all skills: Python : 
-------------------------
3.3.2021 03:23:21 || user - all skills: Python : 
-------------------------
3.3.2021 03:23:21 || user - all skills: C++ : 
-------------------------
3.3.2021 03:23:21 || user - all skills: Pascal : 
-------------------------
3.3.2021 03:23:31 || user- users.php : 
-------------------------
3.3.2021 03:23:31 || user - all skills: Python : 
-------------------------
3.3.2021 03:23:31 || user - all skills: Python : 
-------------------------
3.3.2021 03:23:31 || user - all skills: C++ : 
-------------------------
3.3.2021 03:23:31 || user - all skills: Pascal : 
-------------------------
3.3.2021 03:23:41 || user- users.php : 
-------------------------
3.3.2021 03:23:41 || user - all skills: Python : 
-------------------------
3.3.2021 03:23:41 || user - all skills: Python : 
-------------------------
3.3.2021 03:23:41 || user - all skills: C++ : 
-------------------------
3.3.2021 03:23:41 || user - all skills: Pascal : 
-------------------------
