25.2.2021 10:29:48 || user- users.php : 
-------------------------
25.2.2021 10:29:49 || user - all skills: Python : 
-------------------------
25.2.2021 10:29:49 || user - all skills: Pascal : 
-------------------------
25.2.2021 10:30:53 || user- users.php : 
-------------------------
25.2.2021 10:30:53 || user - all skills: Python : 
-------------------------
25.2.2021 10:30:53 || user - all skills: Pascal : 
-------------------------
25.2.2021 10:33:03 || user- users.php : 
-------------------------
25.2.2021 10:33:03 || user - all skills: Python : 
-------------------------
25.2.2021 10:33:03 || user - all skills: Pascal : 
-------------------------
25.2.2021 10:39:16 || user- users.php : 
-------------------------
25.2.2021 10:39:16 || user - all skills: Python : 
-------------------------
25.2.2021 10:39:16 || user - all skills: Python : 
-------------------------
25.2.2021 10:39:16 || user - all skills: C++ : 
-------------------------
25.2.2021 10:39:16 || user - all skills: Pascal : 
-------------------------
25.2.2021 10:41:23 || user- users.php : 
-------------------------
25.2.2021 10:41:23 || user - all skills: Python : 
-------------------------
25.2.2021 10:41:23 || user - all skills: Python : 
-------------------------
25.2.2021 10:41:23 || user - all skills: C++ : 
-------------------------
25.2.2021 10:41:23 || user - all skills: Pascal : 
-------------------------
25.2.2021 11:03:48 || user- users.php : 
-------------------------
25.2.2021 11:03:48 || user - all skills: Python : 
-------------------------
25.2.2021 11:03:48 || user - all skills: Python : 
-------------------------
25.2.2021 11:03:48 || user - all skills: C++ : 
-------------------------
25.2.2021 11:03:48 || user - all skills: Pascal : 
-------------------------
25.2.2021 11:05:41 || user- users.php : 
-------------------------
25.2.2021 11:05:41 || user - all skills: Python : 
-------------------------
25.2.2021 11:05:41 || user - all skills: Python : 
-------------------------
25.2.2021 11:05:41 || user - all skills: C++ : 
-------------------------
25.2.2021 11:05:41 || user - all skills: Pascal : 
-------------------------
25.2.2021 11:06:33 || user- users.php : 
-------------------------
25.2.2021 11:06:33 || user - all skills: Python : 
-------------------------
25.2.2021 11:06:33 || user - all skills: Python : 
-------------------------
25.2.2021 11:06:33 || user - all skills: C++ : 
-------------------------
25.2.2021 11:06:33 || user - all skills: Pascal : 
-------------------------
25.2.2021 11:10:02 || user- users.php : 
-------------------------
25.2.2021 11:10:02 || user - all skills: Python : 
-------------------------
25.2.2021 11:10:02 || user - all skills: Python : 
-------------------------
25.2.2021 11:10:02 || user - all skills: C++ : 
-------------------------
25.2.2021 11:10:02 || user - all skills: Pascal : 
-------------------------
25.2.2021 11:14:02 || user- users.php : 
-------------------------
25.2.2021 11:14:02 || user - all skills: Python : 
-------------------------
25.2.2021 11:14:02 || user - all skills: Python : 
-------------------------
25.2.2021 11:14:02 || user - all skills: C++ : 
-------------------------
25.2.2021 11:14:02 || user - all skills: Pascal : 
-------------------------
25.2.2021 11:14:18 || user- users.php : 
-------------------------
25.2.2021 11:14:18 || user - all skills: Python : 
-------------------------
25.2.2021 11:14:18 || user - all skills: Python : 
-------------------------
25.2.2021 11:14:18 || user - all skills: C++ : 
-------------------------
25.2.2021 11:14:18 || user - all skills: Pascal : 
-------------------------
25.2.2021 11:14:47 || user- users.php : 
-------------------------
25.2.2021 11:14:47 || user - all skills: Python : 
-------------------------
25.2.2021 11:14:47 || user - all skills: Python : 
-------------------------
25.2.2021 11:14:47 || user - all skills: C++ : 
-------------------------
25.2.2021 11:14:47 || user - all skills: Pascal : 
-------------------------
25.2.2021 11:16:02 || user- users.php : 
-------------------------
25.2.2021 11:16:02 || user - all skills: Python : 
-------------------------
25.2.2021 11:16:02 || user - all skills: Python : 
-------------------------
25.2.2021 11:16:02 || user - all skills: C++ : 
-------------------------
25.2.2021 11:16:02 || user - all skills: Pascal : 
-------------------------
25.2.2021 11:16:28 || user- users.php : 
-------------------------
25.2.2021 11:16:28 || user - all skills: Python : 
-------------------------
25.2.2021 11:16:28 || user - all skills: Python : 
-------------------------
25.2.2021 11:16:28 || user - all skills: C++ : 
-------------------------
25.2.2021 11:16:28 || user - all skills: Pascal : 
-------------------------
25.2.2021 11:18:24 || user- users.php : 
-------------------------
25.2.2021 11:18:24 || user - all skills: Python : 
-------------------------
25.2.2021 11:18:24 || user - all skills: Python : 
-------------------------
25.2.2021 11:18:24 || user - all skills: C++ : 
-------------------------
25.2.2021 11:18:24 || user - all skills: Pascal : 
-------------------------
25.2.2021 11:19:00 || user- users.php : 
-------------------------
25.2.2021 11:19:00 || user - all skills: Python : 
-------------------------
25.2.2021 11:19:00 || user - all skills: Python : 
-------------------------
25.2.2021 11:19:00 || user - all skills: C++ : 
-------------------------
25.2.2021 11:19:00 || user - all skills: Pascal : 
-------------------------
25.2.2021 11:19:54 || user- users.php : 
-------------------------
25.2.2021 11:19:54 || user - all skills: Python : 
-------------------------
25.2.2021 11:19:54 || user - all skills: Python : 
-------------------------
25.2.2021 11:19:54 || user - all skills: C++ : 
-------------------------
25.2.2021 11:19:54 || user - all skills: Pascal : 
-------------------------
25.2.2021 11:23:37 || user- users.php : 
-------------------------
25.2.2021 11:23:37 || user - all skills: Python : 
-------------------------
25.2.2021 11:23:37 || user - all skills: Python : 
-------------------------
25.2.2021 11:23:37 || user - all skills: C++ : 
-------------------------
25.2.2021 11:23:37 || user - all skills: Pascal : 
-------------------------
25.2.2021 11:26:34 || user- users.php : 
-------------------------
25.2.2021 11:26:34 || user - all skills: Python : 
-------------------------
25.2.2021 11:26:34 || user - all skills: Python : 
-------------------------
25.2.2021 11:26:34 || user - all skills: C++ : 
-------------------------
25.2.2021 11:26:34 || user - all skills: Pascal : 
-------------------------
25.2.2021 11:27:57 || user- users.php : 
-------------------------
25.2.2021 11:27:57 || user - all skills: Python : 
-------------------------
25.2.2021 11:27:57 || user - all skills: Python : 
-------------------------
25.2.2021 11:27:57 || user - all skills: C++ : 
-------------------------
25.2.2021 11:27:57 || user - all skills: Pascal : 
-------------------------
25.2.2021 11:30:22 || user- users.php : 
-------------------------
25.2.2021 11:30:22 || user - all skills: Python : 
-------------------------
25.2.2021 11:30:22 || user - all skills: Python : 
-------------------------
25.2.2021 11:30:22 || user - all skills: C++ : 
-------------------------
25.2.2021 11:30:22 || user - all skills: Pascal : 
-------------------------
25.2.2021 11:31:12 || user- users.php : 
-------------------------
25.2.2021 11:31:12 || user - all skills: Python : 
-------------------------
25.2.2021 11:31:12 || user - all skills: Python : 
-------------------------
25.2.2021 11:31:12 || user - all skills: C++ : 
-------------------------
25.2.2021 11:31:12 || user - all skills: Pascal : 
-------------------------
25.2.2021 11:32:42 || user- users.php : 
-------------------------
25.2.2021 11:32:42 || user - all skills: Python : 
-------------------------
25.2.2021 11:32:42 || user - all skills: Python : 
-------------------------
25.2.2021 11:32:42 || user - all skills: C++ : 
-------------------------
25.2.2021 11:32:43 || user - all skills: Pascal : 
-------------------------
25.2.2021 11:33:41 || user- users.php : 
-------------------------
25.2.2021 11:33:41 || user - all skills: Python : 
-------------------------
25.2.2021 11:33:41 || user - all skills: Python : 
-------------------------
25.2.2021 11:33:41 || user - all skills: C++ : 
-------------------------
25.2.2021 11:33:41 || user - all skills: Pascal : 
-------------------------
25.2.2021 11:42:26 || user- users.php : 
-------------------------
25.2.2021 11:42:26 || user - all skills: Python : 
-------------------------
25.2.2021 11:42:26 || user - all skills: Python : 
-------------------------
25.2.2021 11:42:26 || user - all skills: C++ : 
-------------------------
25.2.2021 11:42:26 || user - all skills: Pascal : 
-------------------------
25.2.2021 11:43:03 || user- users.php : 
-------------------------
25.2.2021 11:43:03 || user - all skills: Python : 
-------------------------
25.2.2021 11:43:03 || user - all skills: Python : 
-------------------------
25.2.2021 11:43:03 || user - all skills: C++ : 
-------------------------
25.2.2021 11:43:03 || user - all skills: Pascal : 
-------------------------
25.2.2021 11:45:01 || user- users.php : 
-------------------------
25.2.2021 11:45:01 || user - all skills: Python : 
-------------------------
25.2.2021 11:45:01 || user - all skills: Python : 
-------------------------
25.2.2021 11:45:01 || user - all skills: C++ : 
-------------------------
25.2.2021 11:45:01 || user - all skills: Pascal : 
-------------------------
25.2.2021 11:47:19 || user- users.php : 
-------------------------
25.2.2021 11:47:19 || user - all skills: Python : 
-------------------------
25.2.2021 11:47:19 || user - all skills: Python : 
-------------------------
25.2.2021 11:47:19 || user - all skills: C++ : 
-------------------------
25.2.2021 11:47:19 || user - all skills: Pascal : 
-------------------------
25.2.2021 11:47:36 || user- users.php : 
-------------------------
25.2.2021 11:47:37 || user - all skills: Python : 
-------------------------
25.2.2021 11:47:37 || user - all skills: Python : 
-------------------------
25.2.2021 11:47:37 || user - all skills: C++ : 
-------------------------
25.2.2021 11:47:37 || user - all skills: Pascal : 
-------------------------
25.2.2021 11:48:20 || user- users.php : 
-------------------------
25.2.2021 11:48:20 || user - all skills: Python : 
-------------------------
25.2.2021 11:48:20 || user - all skills: Python : 
-------------------------
25.2.2021 11:48:20 || user - all skills: C++ : 
-------------------------
25.2.2021 11:48:20 || user - all skills: Pascal : 
-------------------------
25.2.2021 11:52:30 || user- users.php : 
-------------------------
25.2.2021 11:52:30 || user - all skills: Python : 
-------------------------
25.2.2021 11:52:30 || user - all skills: Python : 
-------------------------
25.2.2021 11:52:30 || user - all skills: C++ : 
-------------------------
25.2.2021 11:52:30 || user - all skills: Pascal : 
-------------------------
25.2.2021 11:57:44 || user- users.php : 
-------------------------
25.2.2021 11:57:44 || user - all skills: Python : 
-------------------------
25.2.2021 11:57:44 || user - all skills: Python : 
-------------------------
25.2.2021 11:57:44 || user - all skills: C++ : 
-------------------------
25.2.2021 11:57:44 || user - all skills: Pascal : 
-------------------------
25.2.2021 11:58:38 || user- users.php : 
-------------------------
25.2.2021 11:58:38 || user - all skills: Python : 
-------------------------
25.2.2021 11:58:38 || user - all skills: Python : 
-------------------------
25.2.2021 11:58:38 || user - all skills: C++ : 
-------------------------
25.2.2021 11:58:38 || user - all skills: Pascal : 
-------------------------
25.2.2021 12:04:15 || user- users.php : 
-------------------------
25.2.2021 12:04:15 || user - all skills: Python : 
-------------------------
25.2.2021 12:04:15 || user - all skills: Python : 
-------------------------
25.2.2021 12:04:15 || user - all skills: C++ : 
-------------------------
25.2.2021 12:04:15 || user - all skills: Pascal : 
-------------------------
25.2.2021 12:05:36 || user- users.php : 
-------------------------
25.2.2021 12:05:36 || user - all skills: Python : 
-------------------------
25.2.2021 12:05:36 || user - all skills: Python : 
-------------------------
25.2.2021 12:05:36 || user - all skills: C++ : 
-------------------------
25.2.2021 12:05:36 || user - all skills: Pascal : 
-------------------------
25.2.2021 12:08:06 || user- users.php : 
-------------------------
25.2.2021 12:08:06 || user - all skills: Python : 
-------------------------
25.2.2021 12:08:06 || user - all skills: Python : 
-------------------------
25.2.2021 12:08:06 || user - all skills: C++ : 
-------------------------
25.2.2021 12:08:06 || user - all skills: Pascal : 
-------------------------
25.2.2021 12:13:20 || user- users.php : 
-------------------------
25.2.2021 12:13:20 || user - all skills: Python : 
-------------------------
25.2.2021 12:13:20 || user - all skills: Python : 
-------------------------
25.2.2021 12:13:20 || user - all skills: C++ : 
-------------------------
25.2.2021 12:13:20 || user - all skills: Pascal : 
-------------------------
25.2.2021 12:14:43 || user- users.php : 
-------------------------
25.2.2021 12:14:43 || user - all skills: Python : 
-------------------------
25.2.2021 12:14:43 || user - all skills: Python : 
-------------------------
25.2.2021 12:14:43 || user - all skills: C++ : 
-------------------------
25.2.2021 12:14:43 || user - all skills: Pascal : 
-------------------------
25.2.2021 12:15:30 || user- users.php : 
-------------------------
25.2.2021 12:15:30 || user - all skills: Python : 
-------------------------
25.2.2021 12:15:30 || user - all skills: Python : 
-------------------------
25.2.2021 12:15:30 || user - all skills: C++ : 
-------------------------
25.2.2021 12:15:30 || user - all skills: Pascal : 
-------------------------
25.2.2021 12:16:19 || user- users.php : 
-------------------------
25.2.2021 12:16:19 || user - all skills: Python : 
-------------------------
25.2.2021 12:16:19 || user - all skills: Python : 
-------------------------
25.2.2021 12:16:19 || user - all skills: C++ : 
-------------------------
25.2.2021 12:16:19 || user - all skills: Pascal : 
-------------------------
25.2.2021 12:24:38 || user- users.php : 
-------------------------
25.2.2021 12:24:38 || user - all skills: Python : 
-------------------------
25.2.2021 12:24:38 || user - all skills: Python : 
-------------------------
25.2.2021 12:24:38 || user - all skills: C++ : 
-------------------------
25.2.2021 12:24:38 || user - all skills: Pascal : 
-------------------------
25.2.2021 12:24:56 || user- users.php : 
-------------------------
25.2.2021 12:24:56 || user - all skills: Python : 
-------------------------
25.2.2021 12:24:56 || user - all skills: Python : 
-------------------------
25.2.2021 12:24:56 || user - all skills: C++ : 
-------------------------
25.2.2021 12:24:56 || user - all skills: Pascal : 
-------------------------
25.2.2021 12:26:11 || user- users.php : 
-------------------------
25.2.2021 12:26:11 || user - all skills: Python : 
-------------------------
25.2.2021 12:26:11 || user - all skills: Python : 
-------------------------
25.2.2021 12:26:11 || user - all skills: C++ : 
-------------------------
25.2.2021 12:26:11 || user - all skills: Pascal : 
-------------------------
25.2.2021 12:26:19 || user- users.php : 
-------------------------
25.2.2021 12:26:19 || user - all skills: Python : 
-------------------------
25.2.2021 12:26:19 || user - all skills: Python : 
-------------------------
25.2.2021 12:26:19 || user - all skills: C++ : 
-------------------------
25.2.2021 12:26:19 || user - all skills: Pascal : 
-------------------------
25.2.2021 12:26:25 || user- users.php : 
-------------------------
25.2.2021 12:26:25 || user - all skills: Python : 
-------------------------
25.2.2021 12:26:25 || user - all skills: Python : 
-------------------------
25.2.2021 12:26:25 || user - all skills: C++ : 
-------------------------
25.2.2021 12:26:25 || user - all skills: Pascal : 
-------------------------
25.2.2021 12:26:32 || user- users.php : 
-------------------------
25.2.2021 12:26:32 || user - all skills: Python : 
-------------------------
25.2.2021 12:26:32 || user - all skills: Python : 
-------------------------
25.2.2021 12:26:32 || user - all skills: C++ : 
-------------------------
25.2.2021 12:26:32 || user - all skills: Pascal : 
-------------------------
